--- Matugen Trigger: vie 01 may 2026 21:09:42 -04 ---
Imagen recibida: /mnt/Respaldos/wallpapers/wallpaperbetter.com_1920x1080\ (5).jpg
Ruta corregida de config.ini: /mnt/Respaldos/wallpapers/wallpaperbetter.com_1920x1080 (5).jpg
ERROR: La imagen no existe o la ruta es inválida: /mnt/Respaldos/wallpapers/wallpaperbetter.com_1920x1080 (5).jpg
--- Refresco Global: vie 01 may 2026 21:09:42 -04 ---
ok
MESSAGE: No configuration file found, using defaults
ok
Refresco completado.
[2026-05-01 21:09:42.742] [info] Using configuration file /home/johancy/.config/waybar/config.jsonc
[2026-05-01 21:09:42.893] [info] Discovered appearance 'dark'
[2026-05-01 21:09:42.914] [info] Using CSS file /home/johancy/.config/waybar/style.css
[2026-05-01 21:09:42.919] [info] Hyprland IPC starting
[2026-05-01 21:09:42.919] [info] Loading persistent workspaces from Waybar config
[2026-05-01 21:09:42.919] [info] Loading persistent workspaces from Hyprland workspace rules

** (waybar:1192): WARNING **: 21:09:43.121: Status Notifier Item with bus name ':1.43' and object path '/org/ayatana/NotificationItem/nm_applet' is already registered
[2026-05-01 21:09:43.158] [warning] Requested height: 40 is less than the minimum height: 46 required by the modules
[2026-05-01 21:09:43.158] [info] Bar configured (width: 1920, height: 46) for output: DP-1

(pavucontrol:1414): Gtk-WARNING **: 21:09:50.230: Theme parser error: gtk.css:1:1-66: Failed to import: El recurso en «/org/gnome/arc-theme/gtk-main-dark.css» no existe
File '/home/johancy/.config/waypaper/keybindings.ini' does not exist
WARNING: Icon 'edit-copy' not found in icon_path
Gdk-Message: 21:13:50.582: Error reading events from display: Tubería rota
--- Matugen Trigger: vie 01 may 2026 21:13:58 -04 ---
Imagen recibida: /mnt/Respaldos/wallpapers/wallpaperbetter.com_1920x1080\ (5).jpg
Ruta corregida de config.ini: /mnt/Respaldos/wallpapers/wallpaperbetter.com_1920x1080 (5).jpg
ERROR: La imagen no existe o la ruta es inválida: /mnt/Respaldos/wallpapers/wallpaperbetter.com_1920x1080 (5).jpg
--- Refresco Global: vie 01 may 2026 21:13:58 -04 ---
ok
MESSAGE: No configuration file found, using defaults
ok
Refresco completado.
[2026-05-01 21:13:58.396] [info] Using configuration file /home/johancy/.config/waybar/config.jsonc
[2026-05-01 21:13:58.861] [info] Discovered appearance 'dark'
[2026-05-01 21:13:58.884] [info] Using CSS file /home/johancy/.config/waybar/style.css
[2026-05-01 21:13:58.888] [info] Hyprland IPC starting
[2026-05-01 21:13:58.888] [info] Loading persistent workspaces from Waybar config
[2026-05-01 21:13:58.888] [info] Loading persistent workspaces from Hyprland workspace rules

** (waybar:6198): WARNING **: 21:13:59.016: Status Notifier Item with bus name ':1.376' and object path '/org/ayatana/NotificationItem/nm_applet' is already registered
[2026-05-01 21:13:59.048] [warning] Requested height: 40 is less than the minimum height: 46 required by the modules
[2026-05-01 21:13:59.048] [info] Bar configured (width: 1920, height: 46) for output: DP-1
WARNING: Icon 'edit-copy' not found in icon_path
WARNING: Icon 'edit-copy' not found in icon_path
WARNING: Icon 'edit-copy' not found in icon_path
WARNING: Icon 'edit-copy' not found in icon_path
WARNING: Icon 'edit-copy' not found in icon_path
WARNING: Icon 'edit-copy' not found in icon_path
WARNING: Icon 'edit-copy' not found in icon_path
2026-05-01 21:18:24 - [swaybg-1.2.2/main.c:332] Found config * for output DP-1 (VIE JP165-240G )
--- Matugen Trigger: vie 01 may 2026 21:18:24 -04 ---
Imagen recibida: /mnt/Respaldos/wallpapers/wallpaperbetter.com_1920x1080\ (4).jpg
Ruta corregida de config.ini: /mnt/Respaldos/wallpapers/wallpaperbetter.com_1920x1080 (4).jpg
[31m✖[0m The [1m[33m/home/johancy/.config/dunst[0m folder doesnt exist, trying to create...
Matugen ejecutado con éxito.
[2026-05-01 21:18:24.439] [info] Hyprland config reloaded, reinitializing hyprland/workspaces module...
--- Refresco Global: vie 01 may 2026 21:18:24 -04 ---
[2026-05-01 21:18:24.444] [info] Loading persistent workspaces from Waybar config
[2026-05-01 21:18:24.444] [info] Loading persistent workspaces from Hyprland workspace rules
ok
[2026-05-01 21:18:24.456] [info] Hyprland config reloaded, reinitializing hyprland/workspaces module...
[2026-05-01 21:18:24.456] [info] Loading persistent workspaces from Waybar config
[2026-05-01 21:18:24.456] [info] Loading persistent workspaces from Hyprland workspace rules
MESSAGE: Setting 'height' has changed behaviour after dunst 1.12.0, see https://dunst-project.org/release/#v1.12.0.
MESSAGE: Legacy height support may be dropped in the future. If you want to hide this message transition to
MESSAGE: 'height = (0, X)' for dynamic height (old behaviour equivalent) or to 'height = (X, X)' for a fixed height.
MESSAGE: Using legacy offset syntax NxN, you should switch to the new syntax (N, N)
ok
Refresco completado.
[2026-05-01 21:18:24.534] [info] Using configuration file /home/johancy/.config/waybar/config.jsonc
[2026-05-01 21:18:24.536] [info] Discovered appearance 'dark'
[2026-05-01 21:18:24.557] [info] Using CSS file /home/johancy/.config/waybar/style.css
[2026-05-01 21:18:24.560] [info] Hyprland IPC starting
[2026-05-01 21:18:24.561] [info] Loading persistent workspaces from Waybar config
[2026-05-01 21:18:24.561] [info] Loading persistent workspaces from Hyprland workspace rules

** (waybar:17991): WARNING **: 21:18:24.693: Status Notifier Item with bus name ':1.376' and object path '/org/ayatana/NotificationItem/nm_applet' is already registered
[2026-05-01 21:18:24.724] [warning] Requested height: 40 is less than the minimum height: 46 required by the modules
[2026-05-01 21:18:24.724] [info] Bar configured (width: 1920, height: 46) for output: DP-1
2026-05-01 21:18:31 - [swaybg-1.2.2/main.c:332] Found config * for output DP-1 (VIE JP165-240G )
--- Matugen Trigger: vie 01 may 2026 21:18:31 -04 ---
Imagen recibida: /mnt/Respaldos/wallpapers/wallpaperbetter.com_1920x1080\ (5).jpg
Ruta corregida de config.ini: /mnt/Respaldos/wallpapers/wallpaperbetter.com_1920x1080 (5).jpg
Matugen ejecutado con éxito.
--- Refresco Global: vie 01 may 2026 21:18:31 -04 ---
[2026-05-01 21:18:31.463] [info] Hyprland config reloaded, reinitializing hyprland/workspaces module...
ok
[2026-05-01 21:18:31.480] [info] Loading persistent workspaces from Waybar config
[2026-05-01 21:18:31.480] [info] Loading persistent workspaces from Hyprland workspace rules
[2026-05-01 21:18:31.482] [info] Hyprland config reloaded, reinitializing hyprland/workspaces module...
[2026-05-01 21:18:31.482] [info] Loading persistent workspaces from Waybar config
[2026-05-01 21:18:31.482] [info] Loading persistent workspaces from Hyprland workspace rules
MESSAGE: Setting 'height' has changed behaviour after dunst 1.12.0, see https://dunst-project.org/release/#v1.12.0.
MESSAGE: Legacy height support may be dropped in the future. If you want to hide this message transition to
MESSAGE: 'height = (0, X)' for dynamic height (old behaviour equivalent) or to 'height = (X, X)' for a fixed height.
MESSAGE: Using legacy offset syntax NxN, you should switch to the new syntax (N, N)
ok
Refresco completado.
[2026-05-01 21:18:31.555] [info] Using configuration file /home/johancy/.config/waybar/config.jsonc
[2026-05-01 21:18:31.557] [info] Discovered appearance 'dark'
[2026-05-01 21:18:31.577] [info] Using CSS file /home/johancy/.config/waybar/style.css
[2026-05-01 21:18:31.581] [info] Hyprland IPC starting
[2026-05-01 21:18:31.581] [info] Loading persistent workspaces from Waybar config
[2026-05-01 21:18:31.581] [info] Loading persistent workspaces from Hyprland workspace rules

** (waybar:18162): WARNING **: 21:18:31.715: Status Notifier Item with bus name ':1.376' and object path '/org/ayatana/NotificationItem/nm_applet' is already registered
[2026-05-01 21:18:31.746] [warning] Requested height: 40 is less than the minimum height: 46 required by the modules
[2026-05-01 21:18:31.746] [info] Bar configured (width: 1920, height: 46) for output: DP-1
2026-05-01 21:18:43 - [swaybg-1.2.2/main.c:332] Found config * for output DP-1 (VIE JP165-240G )
--- Matugen Trigger: vie 01 may 2026 21:18:44 -04 ---
Imagen recibida: /mnt/Respaldos/wallpapers/wallpaperbetter.com_1920x1080\ (8).jpg
Ruta corregida de config.ini: /mnt/Respaldos/wallpapers/wallpaperbetter.com_1920x1080 (8).jpg
Matugen ejecutado con éxito.
--- Refresco Global: vie 01 may 2026 21:18:44 -04 ---
[2026-05-01 21:18:44.265] [info] Hyprland config reloaded, reinitializing hyprland/workspaces module...
ok
[2026-05-01 21:18:44.286] [info] Loading persistent workspaces from Waybar config
[2026-05-01 21:18:44.286] [info] Loading persistent workspaces from Hyprland workspace rules
[2026-05-01 21:18:44.288] [info] Hyprland config reloaded, reinitializing hyprland/workspaces module...
[2026-05-01 21:18:44.288] [info] Loading persistent workspaces from Waybar config
[2026-05-01 21:18:44.288] [info] Loading persistent workspaces from Hyprland workspace rules
MESSAGE: Setting 'height' has changed behaviour after dunst 1.12.0, see https://dunst-project.org/release/#v1.12.0.
MESSAGE: Legacy height support may be dropped in the future. If you want to hide this message transition to
MESSAGE: 'height = (0, X)' for dynamic height (old behaviour equivalent) or to 'height = (X, X)' for a fixed height.
MESSAGE: Using legacy offset syntax NxN, you should switch to the new syntax (N, N)
ok
Refresco completado.
[2026-05-01 21:18:44.361] [info] Using configuration file /home/johancy/.config/waybar/config.jsonc
[2026-05-01 21:18:44.363] [info] Discovered appearance 'dark'
[2026-05-01 21:18:44.383] [info] Using CSS file /home/johancy/.config/waybar/style.css
[2026-05-01 21:18:44.387] [info] Hyprland IPC starting
[2026-05-01 21:18:44.388] [info] Loading persistent workspaces from Waybar config
[2026-05-01 21:18:44.388] [info] Loading persistent workspaces from Hyprland workspace rules

** (waybar:18345): WARNING **: 21:18:44.518: Status Notifier Item with bus name ':1.376' and object path '/org/ayatana/NotificationItem/nm_applet' is already registered
[2026-05-01 21:18:44.549] [warning] Requested height: 40 is less than the minimum height: 46 required by the modules
[2026-05-01 21:18:44.549] [info] Bar configured (width: 1920, height: 46) for output: DP-1
2026-05-01 21:19:00 - [swaybg-1.2.2/main.c:332] Found config * for output DP-1 (VIE JP165-240G )
--- Matugen Trigger: vie 01 may 2026 21:19:01 -04 ---
Imagen recibida: /mnt/Respaldos/wallpapers/wallpaperbetter.com_1920x1080\ (5).jpg
Ruta corregida de config.ini: /mnt/Respaldos/wallpapers/wallpaperbetter.com_1920x1080 (5).jpg
Matugen ejecutado con éxito.
[2026-05-01 21:19:01.180] [info] Hyprland config reloaded, reinitializing hyprland/workspaces module...
--- Refresco Global: vie 01 may 2026 21:19:01 -04 ---
ok
[2026-05-01 21:19:01.201] [info] Loading persistent workspaces from Waybar config
[2026-05-01 21:19:01.201] [info] Loading persistent workspaces from Hyprland workspace rules
[2026-05-01 21:19:01.202] [info] Hyprland config reloaded, reinitializing hyprland/workspaces module...
[2026-05-01 21:19:01.203] [info] Loading persistent workspaces from Waybar config
[2026-05-01 21:19:01.203] [info] Loading persistent workspaces from Hyprland workspace rules
MESSAGE: Setting 'height' has changed behaviour after dunst 1.12.0, see https://dunst-project.org/release/#v1.12.0.
MESSAGE: Legacy height support may be dropped in the future. If you want to hide this message transition to
MESSAGE: 'height = (0, X)' for dynamic height (old behaviour equivalent) or to 'height = (X, X)' for a fixed height.
MESSAGE: Using legacy offset syntax NxN, you should switch to the new syntax (N, N)
ok
Refresco completado.
[2026-05-01 21:19:01.276] [info] Using configuration file /home/johancy/.config/waybar/config.jsonc
[2026-05-01 21:19:01.278] [info] Discovered appearance 'dark'
[2026-05-01 21:19:01.298] [info] Using CSS file /home/johancy/.config/waybar/style.css
[2026-05-01 21:19:01.302] [info] Hyprland IPC starting
[2026-05-01 21:19:01.302] [info] Loading persistent workspaces from Waybar config
[2026-05-01 21:19:01.303] [info] Loading persistent workspaces from Hyprland workspace rules

** (waybar:18553): WARNING **: 21:19:01.434: Status Notifier Item with bus name ':1.376' and object path '/org/ayatana/NotificationItem/nm_applet' is already registered
[2026-05-01 21:19:01.465] [warning] Requested height: 40 is less than the minimum height: 46 required by the modules
[2026-05-01 21:19:01.465] [info] Bar configured (width: 1920, height: 46) for output: DP-1
File '/home/johancy/.config/waypaper/keybindings.ini' does not exist
Selected file: /mnt/Respaldos/wallpapers/wallpaperbetter.com_1920x1080 (4).jpg
Sent swaybg command to set wallpaperbetter.com_1920x1080 (4).jpg on All display

Executed "~/.config/waypaper/post_command.sh "/mnt/Respaldos/wallpapers/wallpaperbetter.com_1920x1080\ (4).jpg"" post-command

Selected file: /mnt/Respaldos/wallpapers/wallpaperbetter.com_1920x1080 (5).jpg
Sent swaybg command to set wallpaperbetter.com_1920x1080 (5).jpg on All display

Executed "~/.config/waypaper/post_command.sh "/mnt/Respaldos/wallpapers/wallpaperbetter.com_1920x1080\ (5).jpg"" post-command

Selected file: /mnt/Respaldos/wallpapers/wallpaperbetter.com_1920x1080 (8).jpg
Sent swaybg command to set wallpaperbetter.com_1920x1080 (8).jpg on All display

Executed "~/.config/waypaper/post_command.sh "/mnt/Respaldos/wallpapers/wallpaperbetter.com_1920x1080\ (8).jpg"" post-command

Selected file: /mnt/Respaldos/wallpapers/wallpaperbetter.com_1920x1080 (5).jpg
Sent swaybg command to set wallpaperbetter.com_1920x1080 (5).jpg on All display

Executed "~/.config/waypaper/post_command.sh "/mnt/Respaldos/wallpapers/wallpaperbetter.com_1920x1080\ (5).jpg"" post-command

WARNING: Icon 'edit-copy' not found in icon_path
WARNING: Icon 'edit-copy' not found in icon_path
WARNING: Icon 'edit-copy' not found in icon_path
WARNING: Icon 'edit-copy' not found in icon_path
WARNING: Icon 'edit-copy' not found in icon_path
--- Matugen Trigger: vie 01 may 2026 21:21:00 -04 ---
Imagen recibida: /mnt/Respaldos/wallpapers/wallpaperbetter.com_1920x1080\ (5).jpg
Ruta corregida de config.ini: /mnt/Respaldos/wallpapers/wallpaperbetter.com_1920x1080 (5).jpg
Matugen ejecutado con éxito.
--- Refresco Global: vie 01 may 2026 21:21:00 -04 ---
ok
MESSAGE: Setting 'height' has changed behaviour after dunst 1.12.0, see https://dunst-project.org/release/#v1.12.0.
MESSAGE: Legacy height support may be dropped in the future. If you want to hide this message transition to
MESSAGE: 'height = (0, X)' for dynamic height (old behaviour equivalent) or to 'height = (X, X)' for a fixed height.
MESSAGE: Using legacy offset syntax NxN, you should switch to the new syntax (N, N)
ok
Refresco completado.
[2026-05-01 21:21:00.786] [info] Using configuration file /home/johancy/.config/waybar/config.jsonc
[2026-05-01 21:21:00.812] [info] Discovered appearance 'dark'
[2026-05-01 21:21:00.835] [info] Using CSS file /home/johancy/.config/waybar/style.css
[2026-05-01 21:21:00.839] [info] Hyprland IPC starting
[2026-05-01 21:21:00.840] [info] Loading persistent workspaces from Waybar config
[2026-05-01 21:21:00.840] [info] Loading persistent workspaces from Hyprland workspace rules

** (waybar:1277): WARNING **: 21:21:01.033: Status Notifier Item with bus name ':1.42' and object path '/org/ayatana/NotificationItem/nm_applet' is already registered
[2026-05-01 21:21:01.038] [warning] Requested height: 40 is less than the minimum height: 46 required by the modules
[2026-05-01 21:21:01.038] [info] Bar configured (width: 1920, height: 46) for output: DP-1
[2026-05-01 21:21:01.038] [error] Item '': No icon name or pixmap given.
WARNING: Icon 'edit-copy' not found in icon_path
WARNING: Icon 'edit-copy' not found in icon_path
WARNING: Icon 'edit-copy' not found in icon_path
WARNING: Icon 'edit-copy' not found in icon_path
WARNING: Icon 'edit-copy' not found in icon_path
WARNING: Icon 'edit-copy' not found in icon_path
WARNING: Icon 'edit-copy' not found in icon_path
WARNING: Icon 'edit-copy' not found in icon_path
WARNING: Icon 'edit-copy' not found in icon_path
WARNING: Icon 'edit-copy' not found in icon_path
Translation into es_VE not found
Wipe cliphist
WARNING: Icon 'edit-copy' not found in icon_path
WARNING: Icon 'edit-copy' not found in icon_path
WARNING: Icon 'edit-copy' not found in icon_path
WARNING: Icon 'edit-copy' not found in icon_path
WARNING: Icon 'edit-copy' not found in icon_path
WARNING: Icon 'edit-copy' not found in icon_path
Translation into es_VE not found
Copying: '29	Arquitectura del Proyecto: CLAI (CLI TUI Orquestador de Agentes) CLAI es un agente orquestador autón…'
Attempting to kill the old instance in case it's still running, pid: 549479
WARNING: Icon 'edit-copy' not found in icon_path
WARNING: Icon 'edit-copy' not found in icon_path
Translation into es_VE not found
Copying: '30	Arquitectura del Proyecto: CLAI (CLI TUI Orquestador de Agentes) CLAI es un agente orquestador autón…'
Attempting to kill the old instance in case it's still running, pid: 559564
WARNING: Icon 'edit-copy' not found in icon_path
WARNING: Icon 'edit-copy' not found in icon_path
WARNING: Icon 'edit-copy' not found in icon_path
WARNING: Icon 'edit-copy' not found in icon_path
Translation into es_VE not found
Wipe cliphist
Attempting to kill the old instance in case it's still running, pid: 595187
WARNING: Icon 'edit-copy' not found in icon_path

(pavucontrol:730893): Gtk-WARNING **: 01:17:33.939: Theme parser error: gtk.css:1:1-66: Failed to import: El recurso en «/org/gnome/arc-theme/gtk-main-dark.css» no existe
WARNING: Icon 'edit-copy' not found in icon_path
Translation into es_VE not found
Copying: '4	Arquitectura del Proyecto: CLAI (CLI TUI Orquestador de Agentes) CLAI es un agente orquestador autón…'
Attempting to kill the old instance in case it's still running, pid: 721551
WARNING: Icon 'edit-copy' not found in icon_path
WARNING: Icon 'edit-copy' not found in icon_path
WARNING: Icon 'edit-copy' not found in icon_path
WARNING: Icon 'edit-copy' not found in icon_path
WARNING: Icon 'edit-copy' not found in icon_path
Translation into es_VE not found
Copying: '6	Arquitectura del Proyecto: CLAI (CLI TUI Orquestador de Agentes) CLAI es un agente orquestador autón…'
Attempting to kill the old instance in case it's still running, pid: 752619
WARNING: Icon 'edit-copy' not found in icon_path
WARNING: Icon 'edit-copy' not found in icon_path
WARNING: Icon 'edit-copy' not found in icon_path
WARNING: Icon 'edit-copy' not found in icon_path
2026-05-02 02:35:31 - [swaybg-1.2.2/main.c:332] Found config * for output DP-1 (VIE JP165-240G )
--- Matugen Trigger: sáb 02 may 2026 02:35:31 -04 ---
Imagen recibida: /mnt/Respaldos/wallpapers/wallpaperbetter.com_1920x1080\ (3).jpg
Ruta corregida de config.ini: /mnt/Respaldos/wallpapers/wallpaperbetter.com_1920x1080 (3).jpg
Matugen ejecutado con éxito.
--- Refresco Global: sáb 02 may 2026 02:35:31 -04 ---
[2026-05-02 02:35:31.430] [info] Hyprland config reloaded, reinitializing hyprland/workspaces module...
[2026-05-02 02:35:31.441] [info] Loading persistent workspaces from Waybar config
[2026-05-02 02:35:31.441] [info] Loading persistent workspaces from Hyprland workspace rules
ok
[2026-05-02 02:35:31.451] [info] Hyprland config reloaded, reinitializing hyprland/workspaces module...
[2026-05-02 02:35:31.452] [info] Loading persistent workspaces from Waybar config
[2026-05-02 02:35:31.452] [info] Loading persistent workspaces from Hyprland workspace rules
MESSAGE: Setting 'height' has changed behaviour after dunst 1.12.0, see https://dunst-project.org/release/#v1.12.0.
MESSAGE: Legacy height support may be dropped in the future. If you want to hide this message transition to
MESSAGE: 'height = (0, X)' for dynamic height (old behaviour equivalent) or to 'height = (X, X)' for a fixed height.
MESSAGE: Using legacy offset syntax NxN, you should switch to the new syntax (N, N)
Procesando btop PID: 835104
Cerrando ancestro Kitty (PID: 833800)...
[2026-05-02 02:35:31.547] [info] Using configuration file /home/johancy/.config/waybar/config.jsonc
[2026-05-02 02:35:31.549] [info] Discovered appearance 'dark'
[2026-05-02 02:35:31.571] [info] Using CSS file /home/johancy/.config/waybar/style.css
[2026-05-02 02:35:31.576] [info] Hyprland IPC starting
[2026-05-02 02:35:31.577] [info] Loading persistent workspaces from Waybar config
[2026-05-02 02:35:31.577] [info] Loading persistent workspaces from Hyprland workspace rules

** (waybar:835824): WARNING **: 02:35:31.713: Status Notifier Item with bus name ':1.42' and object path '/org/ayatana/NotificationItem/nm_applet' is already registered
[2026-05-02 02:35:31.749] [warning] Requested height: 40 is less than the minimum height: 46 required by the modules
[2026-05-02 02:35:31.749] [info] Bar configured (width: 1920, height: 46) for output: DP-1
2026-05-02 02:35:31 - [swaybg-1.2.2/main.c:332] Found config * for output DP-1 (VIE JP165-240G )
--- Matugen Trigger: sáb 02 may 2026 02:35:31 -04 ---
Imagen recibida: /mnt/Respaldos/wallpapers/wallpaperbetter.com_1920x1080\ (5).jpg
Ruta corregida de config.ini: /mnt/Respaldos/wallpapers/wallpaperbetter.com_1920x1080 (5).jpg
Matugen ejecutado con éxito.
[2026-05-02 02:35:32.035] [info] Hyprland config reloaded, reinitializing hyprland/workspaces module...
--- Refresco Global: sáb 02 may 2026 02:35:32 -04 ---
ok
[2026-05-02 02:35:32.058] [info] Loading persistent workspaces from Waybar config
[2026-05-02 02:35:32.058] [info] Loading persistent workspaces from Hyprland workspace rules
[2026-05-02 02:35:32.060] [info] Hyprland config reloaded, reinitializing hyprland/workspaces module...
[2026-05-02 02:35:32.060] [info] Loading persistent workspaces from Waybar config
[2026-05-02 02:35:32.060] [info] Loading persistent workspaces from Hyprland workspace rules
MESSAGE: Setting 'height' has changed behaviour after dunst 1.12.0, see https://dunst-project.org/release/#v1.12.0.
MESSAGE: Legacy height support may be dropped in the future. If you want to hide this message transition to
MESSAGE: 'height = (0, X)' for dynamic height (old behaviour equivalent) or to 'height = (X, X)' for a fixed height.
MESSAGE: Using legacy offset syntax NxN, you should switch to the new syntax (N, N)
ok
Refresco completado.
[2026-05-02 02:35:32.135] [info] Using configuration file /home/johancy/.config/waybar/config.jsonc
[2026-05-02 02:35:32.137] [info] Discovered appearance 'dark'
ok
Refresco completado.
[2026-05-02 02:35:32.158] [info] Using CSS file /home/johancy/.config/waybar/style.css
[2026-05-02 02:35:32.162] [info] Hyprland IPC starting
[2026-05-02 02:35:32.162] [info] Loading persistent workspaces from Waybar config
[2026-05-02 02:35:32.162] [info] Loading persistent workspaces from Hyprland workspace rules

** (waybar:835984): WARNING **: 02:35:32.296: Status Notifier Item with bus name ':1.42' and object path '/org/ayatana/NotificationItem/nm_applet' is already registered
[2026-05-02 02:35:32.333] [warning] Requested height: 40 is less than the minimum height: 46 required by the modules
[2026-05-02 02:35:32.333] [info] Bar configured (width: 1920, height: 46) for output: DP-1
2026-05-02 02:35:33 - [swaybg-1.2.2/main.c:332] Found config * for output DP-1 (VIE JP165-240G )
--- Matugen Trigger: sáb 02 may 2026 02:35:33 -04 ---
Imagen recibida: /mnt/Respaldos/wallpapers/wallpaperbetter.com_1920x1080\ (5).jpg
Ruta corregida de config.ini: /mnt/Respaldos/wallpapers/wallpaperbetter.com_1920x1080 (5).jpg
[2026-05-02 02:35:33.345] [info] Hyprland config reloaded, reinitializing hyprland/workspaces module...
Matugen ejecutado con éxito.
--- Refresco Global: sáb 02 may 2026 02:35:33 -04 ---
ok
[2026-05-02 02:35:33.367] [info] Loading persistent workspaces from Waybar config
[2026-05-02 02:35:33.368] [info] Loading persistent workspaces from Hyprland workspace rules
[2026-05-02 02:35:33.369] [info] Hyprland config reloaded, reinitializing hyprland/workspaces module...
[2026-05-02 02:35:33.369] [info] Loading persistent workspaces from Waybar config
[2026-05-02 02:35:33.370] [info] Loading persistent workspaces from Hyprland workspace rules
MESSAGE: Setting 'height' has changed behaviour after dunst 1.12.0, see https://dunst-project.org/release/#v1.12.0.
MESSAGE: Legacy height support may be dropped in the future. If you want to hide this message transition to
MESSAGE: 'height = (0, X)' for dynamic height (old behaviour equivalent) or to 'height = (X, X)' for a fixed height.
MESSAGE: Using legacy offset syntax NxN, you should switch to the new syntax (N, N)
Procesando btop PID: 836051
[2026-05-02 02:35:33.445] [info] Using configuration file /home/johancy/.config/waybar/config.jsonc
[2026-05-02 02:35:33.447] [info] Discovered appearance 'dark'
Cerrando ancestro Kitty (PID: 836001)...
[2026-05-02 02:35:33.469] [info] Using CSS file /home/johancy/.config/waybar/style.css
[2026-05-02 02:35:33.474] [info] Hyprland IPC starting
[2026-05-02 02:35:33.474] [info] Loading persistent workspaces from Waybar config
[2026-05-02 02:35:33.474] [info] Loading persistent workspaces from Hyprland workspace rules

** (waybar:836138): WARNING **: 02:35:33.607: Status Notifier Item with bus name ':1.42' and object path '/org/ayatana/NotificationItem/nm_applet' is already registered
[2026-05-02 02:35:33.640] [warning] Requested height: 40 is less than the minimum height: 46 required by the modules
[2026-05-02 02:35:33.640] [info] Bar configured (width: 1920, height: 46) for output: DP-1
ok
Refresco completado.
File '/home/johancy/.config/waypaper/keybindings.ini' does not exist
Selected file: /mnt/Respaldos/wallpapers/wallpaperbetter.com_1920x1080 (3).jpg
Sent swaybg command to set wallpaperbetter.com_1920x1080 (3).jpg on All display

Executed "~/.config/waypaper/post_command.sh "/mnt/Respaldos/wallpapers/wallpaperbetter.com_1920x1080\ (3).jpg"" post-command

Selected file: /mnt/Respaldos/wallpapers/wallpaperbetter.com_1920x1080 (5).jpg
Sent swaybg command to set wallpaperbetter.com_1920x1080 (5).jpg on All display

Executed "~/.config/waypaper/post_command.sh "/mnt/Respaldos/wallpapers/wallpaperbetter.com_1920x1080\ (5).jpg"" post-command

Selected file: /mnt/Respaldos/wallpapers/wallpaperbetter.com_1920x1080 (5).jpg
Sent swaybg command to set wallpaperbetter.com_1920x1080 (5).jpg on All display

Executed "~/.config/waypaper/post_command.sh "/mnt/Respaldos/wallpapers/wallpaperbetter.com_1920x1080\ (5).jpg"" post-command

WARNING: Icon 'edit-copy' not found in icon_path
--- Matugen Trigger: sáb 02 may 2026 20:12:56 -04 ---
Imagen recibida: /mnt/Respaldos/wallpapers/wallpaperbetter.com_1920x1080\ (5).jpg
Ruta corregida de config.ini: /mnt/Respaldos/wallpapers/wallpaperbetter.com_1920x1080 (5).jpg
Matugen ejecutado con éxito.
--- Refresco Global: sáb 02 may 2026 20:12:56 -04 ---
ok
MESSAGE: Setting 'height' has changed behaviour after dunst 1.12.0, see https://dunst-project.org/release/#v1.12.0.
MESSAGE: Legacy height support may be dropped in the future. If you want to hide this message transition to
MESSAGE: 'height = (0, X)' for dynamic height (old behaviour equivalent) or to 'height = (X, X)' for a fixed height.
MESSAGE: Using legacy offset syntax NxN, you should switch to the new syntax (N, N)
ok
Refresco completado.
[2026-05-02 20:12:56.933] [info] Using configuration file /home/johancy/.config/waybar/config.jsonc
[2026-05-02 20:12:56.934] [info] Discovered appearance 'dark'
[2026-05-02 20:12:56.954] [info] Using CSS file /home/johancy/.config/waybar/style.css
[2026-05-02 20:12:56.957] [info] Hyprland IPC starting
[2026-05-02 20:12:56.958] [info] Loading persistent workspaces from Waybar config
[2026-05-02 20:12:56.958] [info] Loading persistent workspaces from Hyprland workspace rules

** (waybar:1351): WARNING **: 20:12:57.135: Status Notifier Item with bus name ':1.43' and object path '/org/ayatana/NotificationItem/nm_applet' is already registered
[2026-05-02 20:12:57.139] [warning] Requested height: 40 is less than the minimum height: 46 required by the modules
[2026-05-02 20:12:57.139] [info] Bar configured (width: 1920, height: 46) for output: DP-1
[2026-05-02 20:12:57.139] [error] Item '': No icon name or pixmap given.
Translation into es_VE not found
Wipe cliphist
WARNING: Icon 'edit-copy' not found in icon_path
WARNING: Icon 'edit-copy' not found in icon_path
WARNING: Icon 'edit-copy' not found in icon_path
WARNING: Icon 'edit-copy' not found in icon_path
WARNING: Icon 'edit-copy' not found in icon_path
Translation into es_VE not found
Copying: '19	@huggingface/transformers'
Attempting to kill the old instance in case it's still running, pid: 44586
WARNING: Icon 'edit-copy' not found in icon_path
--- Matugen Trigger: dom 03 may 2026 14:33:00 -04 ---
Imagen recibida: /mnt/Respaldos/wallpapers/wallpaperbetter.com_1920x1080\ (5).jpg
Ruta corregida de config.ini: /mnt/Respaldos/wallpapers/wallpaperbetter.com_1920x1080 (5).jpg
Matugen ejecutado con éxito.
--- Refresco Global: dom 03 may 2026 14:33:00 -04 ---
ok
MESSAGE: Setting 'height' has changed behaviour after dunst 1.12.0, see https://dunst-project.org/release/#v1.12.0.
MESSAGE: Legacy height support may be dropped in the future. If you want to hide this message transition to
MESSAGE: 'height = (0, X)' for dynamic height (old behaviour equivalent) or to 'height = (X, X)' for a fixed height.
MESSAGE: Using legacy offset syntax NxN, you should switch to the new syntax (N, N)
ok
Refresco completado.
[2026-05-03 14:33:00.336] [info] Using configuration file /home/johancy/.config/waybar/config.jsonc
[2026-05-03 14:33:00.362] [info] Discovered appearance 'dark'
[2026-05-03 14:33:00.384] [info] Using CSS file /home/johancy/.config/waybar/style.css
[2026-05-03 14:33:00.389] [info] Hyprland IPC starting
[2026-05-03 14:33:00.390] [info] Loading persistent workspaces from Waybar config
[2026-05-03 14:33:00.390] [info] Loading persistent workspaces from Hyprland workspace rules

** (waybar:1259): WARNING **: 14:33:00.570: Status Notifier Item with bus name ':1.41' and object path '/org/ayatana/NotificationItem/nm_applet' is already registered
[2026-05-03 14:33:00.574] [warning] Requested height: 40 is less than the minimum height: 46 required by the modules
[2026-05-03 14:33:00.574] [info] Bar configured (width: 1920, height: 46) for output: DP-1
[2026-05-03 14:33:00.574] [error] Item '': No icon name or pixmap given.
WARNING: Icon 'image-x-generic' not found in icon_path
WARNING: Icon 'edit-copy' not found in icon_path
WARNING: Icon 'edit-copy' not found in icon_path
WARNING: Icon 'edit-copy' not found in icon_path
WARNING: Icon 'edit-copy' not found in icon_path
WARNING: Icon 'edit-copy' not found in icon_path
WARNING: Icon 'edit-copy' not found in icon_path
WARNING: Icon 'edit-copy' not found in icon_path
WARNING: Icon 'edit-copy' not found in icon_path
WARNING: Icon 'edit-copy' not found in icon_path
WARNING: Icon 'edit-copy' not found in icon_path
WARNING: Icon 'edit-copy' not found in icon_path
WARNING: Icon 'edit-copy' not found in icon_path
WARNING: Icon 'edit-copy' not found in icon_path
WARNING: Icon 'edit-copy' not found in icon_path
WARNING: Icon 'edit-copy' not found in icon_path
WARNING: Icon 'image-x-generic' not found in icon_path
WARNING: Icon 'edit-copy' not found in icon_path
WARNING: Icon 'edit-copy' not found in icon_path
WARNING: Icon 'image-x-generic' not found in icon_path

** (waybar:1259): WARNING **: 02:22:35.891: Status Notifier Item with bus name ':1.41' and object path '/org/ayatana/NotificationItem/nm_applet' is already registered

(waybar:1259): Gtk-CRITICAL **: 02:22:35.950: gtk_widget_set_accel_path: assertion 'GTK_IS_ACCEL_GROUP (accel_group)' failed

(waybar:1259): Gtk-CRITICAL **: 02:22:35.950: gtk_widget_add_accelerator: assertion 'GTK_IS_ACCEL_GROUP (accel_group)' failed

(waybar:1259): Gtk-CRITICAL **: 02:22:35.960: gtk_widget_set_accel_path: assertion 'GTK_IS_ACCEL_GROUP (accel_group)' failed

(waybar:1259): Gtk-CRITICAL **: 02:22:35.960: gtk_widget_add_accelerator: assertion 'GTK_IS_ACCEL_GROUP (accel_group)' failed

(waybar:1259): Gtk-CRITICAL **: 02:22:35.962: gtk_widget_set_accel_path: assertion 'GTK_IS_ACCEL_GROUP (accel_group)' failed

(waybar:1259): Gtk-CRITICAL **: 02:22:35.962: gtk_widget_add_accelerator: assertion 'GTK_IS_ACCEL_GROUP (accel_group)' failed

(waybar:1259): Gtk-CRITICAL **: 02:22:35.963: gtk_widget_set_accel_path: assertion 'GTK_IS_ACCEL_GROUP (accel_group)' failed

(waybar:1259): Gtk-CRITICAL **: 02:22:35.963: gtk_widget_add_accelerator: assertion 'GTK_IS_ACCEL_GROUP (accel_group)' failed

(waybar:1259): Gtk-CRITICAL **: 02:22:35.964: gtk_widget_set_accel_path: assertion 'GTK_IS_ACCEL_GROUP (accel_group)' failed

(waybar:1259): Gtk-CRITICAL **: 02:22:35.964: gtk_widget_add_accelerator: assertion 'GTK_IS_ACCEL_GROUP (accel_group)' failed
WARNING: Icon 'qbittorrent' not found in icon_path

(waybar:1259): LIBDBUSMENU-GLIB-WARNING **: 02:23:25.747: Getting layout failed: GDBus.Error:org.freedesktop.DBus.Error.UnknownObject: No such object path '/MenuBar'
[2026-05-04 02:23:25.749] [warning] Failed to update properties: GDBus.Error:org.freedesktop.DBus.Error.UnknownObject: No such object path '/StatusNotifierItem'

** (waybar:1259): WARNING **: 02:23:25.751: Status Notifier Item with bus name ':1.41' and object path '/org/ayatana/NotificationItem/nm_applet' is already registered
WARNING: Icon 'edit-copy' not found in icon_path
WARNING: Icon 'image-x-generic' not found in icon_path
WARNING: Icon 'edit-copy' not found in icon_path
WARNING: Icon 'edit-copy' not found in icon_path
WARNING: Icon 'edit-copy' not found in icon_path
WARNING: Icon 'edit-copy' not found in icon_path
WARNING: Icon 'edit-copy' not found in icon_path
WARNING: Icon 'image-x-generic' not found in icon_path
--- Matugen Trigger: lun 04 may 2026 16:03:58 -04 ---
Imagen recibida: /mnt/Respaldos/wallpapers/wallpaperbetter.com_1920x1080\ (5).jpg
Ruta corregida de config.ini: /mnt/Respaldos/wallpapers/wallpaperbetter.com_1920x1080 (5).jpg
Matugen ejecutado con éxito.
--- Refresco Global: lun 04 may 2026 16:03:58 -04 ---
ok
MESSAGE: Setting 'height' has changed behaviour after dunst 1.12.0, see https://dunst-project.org/release/#v1.12.0.
MESSAGE: Legacy height support may be dropped in the future. If you want to hide this message transition to
MESSAGE: 'height = (0, X)' for dynamic height (old behaviour equivalent) or to 'height = (X, X)' for a fixed height.
MESSAGE: Using legacy offset syntax NxN, you should switch to the new syntax (N, N)
ok
Refresco completado.
[2026-05-04 16:03:58.895] [info] Using configuration file /home/johancy/.config/waybar/config.jsonc
[2026-05-04 16:03:58.896] [info] Discovered appearance 'dark'
[2026-05-04 16:03:58.920] [info] Using CSS file /home/johancy/.config/waybar/style.css
[2026-05-04 16:03:58.924] [info] Hyprland IPC starting
[2026-05-04 16:03:58.925] [info] Loading persistent workspaces from Waybar config
[2026-05-04 16:03:58.925] [info] Loading persistent workspaces from Hyprland workspace rules

** (waybar:1292): WARNING **: 16:03:59.100: Status Notifier Item with bus name ':1.42' and object path '/org/ayatana/NotificationItem/nm_applet' is already registered
[2026-05-04 16:03:59.105] [warning] Requested height: 40 is less than the minimum height: 46 required by the modules
[2026-05-04 16:03:59.105] [info] Bar configured (width: 1920, height: 46) for output: DP-1
[2026-05-04 16:03:59.105] [error] Item '': No icon name or pixmap given.
WARNING: Icon 'nm-device-wired' not found in icon_path

** (waybar:1292): WARNING **: 16:51:53.498: Status Notifier Item with bus name ':1.42' and object path '/org/ayatana/NotificationItem/nm_applet' is already registered

(waybar:1292): Gtk-CRITICAL **: 16:51:53.602: gtk_widget_set_accel_path: assertion 'GTK_IS_ACCEL_GROUP (accel_group)' failed

(waybar:1292): Gtk-CRITICAL **: 16:51:53.602: gtk_widget_add_accelerator: assertion 'GTK_IS_ACCEL_GROUP (accel_group)' failed

(waybar:1292): Gtk-CRITICAL **: 16:51:53.610: gtk_widget_set_accel_path: assertion 'GTK_IS_ACCEL_GROUP (accel_group)' failed

(waybar:1292): Gtk-CRITICAL **: 16:51:53.610: gtk_widget_add_accelerator: assertion 'GTK_IS_ACCEL_GROUP (accel_group)' failed

(waybar:1292): Gtk-CRITICAL **: 16:51:53.613: gtk_widget_set_accel_path: assertion 'GTK_IS_ACCEL_GROUP (accel_group)' failed

(waybar:1292): Gtk-CRITICAL **: 16:51:53.613: gtk_widget_add_accelerator: assertion 'GTK_IS_ACCEL_GROUP (accel_group)' failed

(waybar:1292): Gtk-CRITICAL **: 16:51:53.613: gtk_widget_set_accel_path: assertion 'GTK_IS_ACCEL_GROUP (accel_group)' failed

(waybar:1292): Gtk-CRITICAL **: 16:51:53.614: gtk_widget_add_accelerator: assertion 'GTK_IS_ACCEL_GROUP (accel_group)' failed

(waybar:1292): Gtk-CRITICAL **: 16:51:53.614: gtk_widget_set_accel_path: assertion 'GTK_IS_ACCEL_GROUP (accel_group)' failed

(waybar:1292): Gtk-CRITICAL **: 16:51:53.614: gtk_widget_add_accelerator: assertion 'GTK_IS_ACCEL_GROUP (accel_group)' failed
[2026-05-04 19:13:04.003] [info] Hyprland config reloaded, reinitializing hyprland/workspaces module...
[2026-05-04 19:13:04.011] [info] Loading persistent workspaces from Waybar config
[2026-05-04 19:13:04.011] [info] Loading persistent workspaces from Hyprland workspace rules
--- Matugen Trigger: lun 04 may 2026 19:15:43 -04 ---
Imagen recibida: 
Ruta corregida de config.ini: /mnt/Respaldos/wallpapers/wallpaperbetter.com_1920x1080 (5).jpg
Matugen ejecutado con éxito.
--- Refresco Global: lun 04 may 2026 19:15:43 -04 ---
ok
MESSAGE: Setting 'height' has changed behaviour after dunst 1.12.0, see https://dunst-project.org/release/#v1.12.0.
MESSAGE: Legacy height support may be dropped in the future. If you want to hide this message transition to
MESSAGE: 'height = (0, X)' for dynamic height (old behaviour equivalent) or to 'height = (X, X)' for a fixed height.
MESSAGE: Using legacy offset syntax NxN, you should switch to the new syntax (N, N)
ok
Refresco completado.
[2026-05-04 19:15:43.742] [info] Using configuration file /home/johancy/.config/waybar/config.jsonc
[2026-05-04 19:15:43.743] [info] Discovered appearance 'dark'
[2026-05-04 19:15:43.764] [info] Using CSS file /home/johancy/.config/waybar/style.css
[2026-05-04 19:15:43.768] [info] Hyprland IPC starting
[2026-05-04 19:15:43.768] [info] Loading persistent workspaces from Waybar config
[2026-05-04 19:15:43.768] [info] Loading persistent workspaces from Hyprland workspace rules

** (waybar:132886): WARNING **: 19:15:43.899: Status Notifier Item with bus name ':1.42' and object path '/org/ayatana/NotificationItem/nm_applet' is already registered
[2026-05-04 19:15:43.931] [warning] Requested height: 40 is less than the minimum height: 46 required by the modules
[2026-05-04 19:15:43.931] [info] Bar configured (width: 1920, height: 46) for output: DP-1

(waybar:132886): Gtk-CRITICAL **: 19:15:43.934: gtk_widget_set_accel_path: assertion 'GTK_IS_ACCEL_GROUP (accel_group)' failed

(waybar:132886): Gtk-CRITICAL **: 19:15:43.934: gtk_widget_add_accelerator: assertion 'GTK_IS_ACCEL_GROUP (accel_group)' failed

(waybar:132886): Gtk-CRITICAL **: 19:15:43.943: gtk_widget_set_accel_path: assertion 'GTK_IS_ACCEL_GROUP (accel_group)' failed

(waybar:132886): Gtk-CRITICAL **: 19:15:43.943: gtk_widget_add_accelerator: assertion 'GTK_IS_ACCEL_GROUP (accel_group)' failed

(waybar:132886): Gtk-CRITICAL **: 19:15:43.945: gtk_widget_set_accel_path: assertion 'GTK_IS_ACCEL_GROUP (accel_group)' failed

(waybar:132886): Gtk-CRITICAL **: 19:15:43.945: gtk_widget_add_accelerator: assertion 'GTK_IS_ACCEL_GROUP (accel_group)' failed

(waybar:132886): Gtk-CRITICAL **: 19:15:43.946: gtk_widget_set_accel_path: assertion 'GTK_IS_ACCEL_GROUP (accel_group)' failed

(waybar:132886): Gtk-CRITICAL **: 19:15:43.946: gtk_widget_add_accelerator: assertion 'GTK_IS_ACCEL_GROUP (accel_group)' failed

(waybar:132886): Gtk-CRITICAL **: 19:15:43.948: gtk_widget_set_accel_path: assertion 'GTK_IS_ACCEL_GROUP (accel_group)' failed

(waybar:132886): Gtk-CRITICAL **: 19:15:43.948: gtk_widget_add_accelerator: assertion 'GTK_IS_ACCEL_GROUP (accel_group)' failed
--- Matugen Trigger: lun 04 may 2026 19:15:53 -04 ---
Imagen recibida: 
Ruta corregida de config.ini: /mnt/Respaldos/wallpapers/wallpaperbetter.com_1920x1080 (5).jpg
Matugen ejecutado con éxito.
[2026-05-04 19:15:53.677] [info] Hyprland config reloaded, reinitializing hyprland/workspaces module...
--- Refresco Global: lun 04 may 2026 19:15:53 -04 ---
ok
[2026-05-04 19:15:53.694] [info] Loading persistent workspaces from Waybar config
[2026-05-04 19:15:53.694] [info] Loading persistent workspaces from Hyprland workspace rules
[2026-05-04 19:15:53.696] [info] Hyprland config reloaded, reinitializing hyprland/workspaces module...
[2026-05-04 19:15:53.696] [info] Loading persistent workspaces from Waybar config
[2026-05-04 19:15:53.696] [info] Loading persistent workspaces from Hyprland workspace rules
MESSAGE: Setting 'height' has changed behaviour after dunst 1.12.0, see https://dunst-project.org/release/#v1.12.0.
MESSAGE: Legacy height support may be dropped in the future. If you want to hide this message transition to
MESSAGE: 'height = (0, X)' for dynamic height (old behaviour equivalent) or to 'height = (X, X)' for a fixed height.
MESSAGE: Using legacy offset syntax NxN, you should switch to the new syntax (N, N)
ok
Refresco completado.
[2026-05-04 19:15:53.780] [info] Using configuration file /home/johancy/.config/waybar/config.jsonc
[2026-05-04 19:15:53.782] [info] Discovered appearance 'dark'
[2026-05-04 19:15:53.808] [info] Using CSS file /home/johancy/.config/waybar/style.css
[2026-05-04 19:15:53.812] [info] Hyprland IPC starting
[2026-05-04 19:15:53.813] [info] Loading persistent workspaces from Waybar config
[2026-05-04 19:15:53.813] [info] Loading persistent workspaces from Hyprland workspace rules

** (waybar:133015): WARNING **: 19:15:53.942: Status Notifier Item with bus name ':1.42' and object path '/org/ayatana/NotificationItem/nm_applet' is already registered
[2026-05-04 19:15:53.973] [warning] Requested height: 40 is less than the minimum height: 46 required by the modules
[2026-05-04 19:15:53.973] [info] Bar configured (width: 1920, height: 46) for output: DP-1

(waybar:133015): Gtk-CRITICAL **: 19:15:53.975: gtk_widget_set_accel_path: assertion 'GTK_IS_ACCEL_GROUP (accel_group)' failed

(waybar:133015): Gtk-CRITICAL **: 19:15:53.975: gtk_widget_add_accelerator: assertion 'GTK_IS_ACCEL_GROUP (accel_group)' failed

(waybar:133015): Gtk-CRITICAL **: 19:15:53.986: gtk_widget_set_accel_path: assertion 'GTK_IS_ACCEL_GROUP (accel_group)' failed

(waybar:133015): Gtk-CRITICAL **: 19:15:53.986: gtk_widget_add_accelerator: assertion 'GTK_IS_ACCEL_GROUP (accel_group)' failed

(waybar:133015): Gtk-CRITICAL **: 19:15:53.988: gtk_widget_set_accel_path: assertion 'GTK_IS_ACCEL_GROUP (accel_group)' failed

(waybar:133015): Gtk-CRITICAL **: 19:15:53.988: gtk_widget_add_accelerator: assertion 'GTK_IS_ACCEL_GROUP (accel_group)' failed

(waybar:133015): Gtk-CRITICAL **: 19:15:53.989: gtk_widget_set_accel_path: assertion 'GTK_IS_ACCEL_GROUP (accel_group)' failed

(waybar:133015): Gtk-CRITICAL **: 19:15:53.989: gtk_widget_add_accelerator: assertion 'GTK_IS_ACCEL_GROUP (accel_group)' failed

(waybar:133015): Gtk-CRITICAL **: 19:15:53.990: gtk_widget_set_accel_path: assertion 'GTK_IS_ACCEL_GROUP (accel_group)' failed

(waybar:133015): Gtk-CRITICAL **: 19:15:53.990: gtk_widget_add_accelerator: assertion 'GTK_IS_ACCEL_GROUP (accel_group)' failed
--- Matugen Trigger: lun 04 may 2026 19:17:00 -04 ---
Imagen recibida: 
Ruta corregida de config.ini: /mnt/Respaldos/wallpapers/wallpaperbetter.com_1920x1080 (5).jpg
[2026-05-04 19:17:01.001] [info] Hyprland config reloaded, reinitializing hyprland/workspaces module...
Matugen ejecutado con éxito.
--- Refresco Global: lun 04 may 2026 19:17:01 -04 ---
ok
[2026-05-04 19:17:01.021] [info] Loading persistent workspaces from Waybar config
[2026-05-04 19:17:01.021] [info] Loading persistent workspaces from Hyprland workspace rules
[2026-05-04 19:17:01.024] [info] Hyprland config reloaded, reinitializing hyprland/workspaces module...
[2026-05-04 19:17:01.024] [info] Loading persistent workspaces from Waybar config
[2026-05-04 19:17:01.024] [info] Loading persistent workspaces from Hyprland workspace rules
MESSAGE: Setting 'height' has changed behaviour after dunst 1.12.0, see https://dunst-project.org/release/#v1.12.0.
MESSAGE: Legacy height support may be dropped in the future. If you want to hide this message transition to
MESSAGE: 'height = (0, X)' for dynamic height (old behaviour equivalent) or to 'height = (X, X)' for a fixed height.
MESSAGE: Using legacy offset syntax NxN, you should switch to the new syntax (N, N)
ok
Refresco completado.
[2026-05-04 19:17:01.097] [info] Using configuration file /home/johancy/.config/waybar/config.jsonc
[2026-05-04 19:17:01.098] [info] Discovered appearance 'dark'
[2026-05-04 19:17:01.119] [info] Using CSS file /home/johancy/.config/waybar/style.css
[2026-05-04 19:17:01.122] [info] Hyprland IPC starting
[2026-05-04 19:17:01.122] [info] Loading persistent workspaces from Waybar config
[2026-05-04 19:17:01.122] [info] Loading persistent workspaces from Hyprland workspace rules

** (waybar:141868): WARNING **: 19:17:01.249: Status Notifier Item with bus name ':1.42' and object path '/org/ayatana/NotificationItem/nm_applet' is already registered
[2026-05-04 19:17:01.281] [warning] Requested height: 40 is less than the minimum height: 46 required by the modules
[2026-05-04 19:17:01.281] [info] Bar configured (width: 1920, height: 46) for output: DP-1

(waybar:141868): Gtk-CRITICAL **: 19:17:01.283: gtk_widget_set_accel_path: assertion 'GTK_IS_ACCEL_GROUP (accel_group)' failed

(waybar:141868): Gtk-CRITICAL **: 19:17:01.283: gtk_widget_add_accelerator: assertion 'GTK_IS_ACCEL_GROUP (accel_group)' failed

(waybar:141868): Gtk-CRITICAL **: 19:17:01.291: gtk_widget_set_accel_path: assertion 'GTK_IS_ACCEL_GROUP (accel_group)' failed

(waybar:141868): Gtk-CRITICAL **: 19:17:01.291: gtk_widget_add_accelerator: assertion 'GTK_IS_ACCEL_GROUP (accel_group)' failed

(waybar:141868): Gtk-CRITICAL **: 19:17:01.293: gtk_widget_set_accel_path: assertion 'GTK_IS_ACCEL_GROUP (accel_group)' failed

(waybar:141868): Gtk-CRITICAL **: 19:17:01.293: gtk_widget_add_accelerator: assertion 'GTK_IS_ACCEL_GROUP (accel_group)' failed

(waybar:141868): Gtk-CRITICAL **: 19:17:01.294: gtk_widget_set_accel_path: assertion 'GTK_IS_ACCEL_GROUP (accel_group)' failed

(waybar:141868): Gtk-CRITICAL **: 19:17:01.294: gtk_widget_add_accelerator: assertion 'GTK_IS_ACCEL_GROUP (accel_group)' failed

(waybar:141868): Gtk-CRITICAL **: 19:17:01.295: gtk_widget_set_accel_path: assertion 'GTK_IS_ACCEL_GROUP (accel_group)' failed

(waybar:141868): Gtk-CRITICAL **: 19:17:01.295: gtk_widget_add_accelerator: assertion 'GTK_IS_ACCEL_GROUP (accel_group)' failed
--- Matugen Trigger: lun 04 may 2026 19:18:02 -04 ---
Imagen recibida: 
Ruta corregida de config.ini: /mnt/Respaldos/wallpapers/wallpaperbetter.com_1920x1080 (5).jpg
[2026-05-04 19:18:02.497] [info] Hyprland config reloaded, reinitializing hyprland/workspaces module...
Matugen ejecutado con éxito.
--- Refresco Global: lun 04 may 2026 19:18:02 -04 ---
ok
[2026-05-04 19:18:02.518] [info] Loading persistent workspaces from Waybar config
[2026-05-04 19:18:02.518] [info] Loading persistent workspaces from Hyprland workspace rules
[2026-05-04 19:18:02.519] [info] Hyprland config reloaded, reinitializing hyprland/workspaces module...
[2026-05-04 19:18:02.520] [info] Loading persistent workspaces from Waybar config
[2026-05-04 19:18:02.520] [info] Loading persistent workspaces from Hyprland workspace rules
MESSAGE: Setting 'height' has changed behaviour after dunst 1.12.0, see https://dunst-project.org/release/#v1.12.0.
MESSAGE: Legacy height support may be dropped in the future. If you want to hide this message transition to
MESSAGE: 'height = (0, X)' for dynamic height (old behaviour equivalent) or to 'height = (X, X)' for a fixed height.
MESSAGE: Using legacy offset syntax NxN, you should switch to the new syntax (N, N)
ok
Refresco completado.
[2026-05-04 19:18:02.597] [info] Using configuration file /home/johancy/.config/waybar/config.jsonc
[2026-05-04 19:18:02.599] [info] Discovered appearance 'dark'
[2026-05-04 19:18:02.620] [info] Using CSS file /home/johancy/.config/waybar/style.css
[2026-05-04 19:18:02.624] [info] Hyprland IPC starting
[2026-05-04 19:18:02.624] [info] Loading persistent workspaces from Waybar config
[2026-05-04 19:18:02.624] [info] Loading persistent workspaces from Hyprland workspace rules
[2026-05-04 19:18:02.757] [warning] Requested height: 40 is less than the minimum height: 46 required by the modules
[2026-05-04 19:18:02.757] [info] Bar configured (width: 1920, height: 46) for output: DP-1
[2026-05-04 19:18:02.757] [error] Item '': No icon name or pixmap given.

** (waybar:142368): WARNING **: 19:18:02.789: Status Notifier Item with bus name ':1.42' and object path '/org/ayatana/NotificationItem/nm_applet' is already registered

(waybar:142368): Gtk-CRITICAL **: 19:18:02.801: gtk_widget_set_accel_path: assertion 'GTK_IS_ACCEL_GROUP (accel_group)' failed

(waybar:142368): Gtk-CRITICAL **: 19:18:02.801: gtk_widget_add_accelerator: assertion 'GTK_IS_ACCEL_GROUP (accel_group)' failed

(waybar:142368): Gtk-CRITICAL **: 19:18:02.810: gtk_widget_set_accel_path: assertion 'GTK_IS_ACCEL_GROUP (accel_group)' failed

(waybar:142368): Gtk-CRITICAL **: 19:18:02.810: gtk_widget_add_accelerator: assertion 'GTK_IS_ACCEL_GROUP (accel_group)' failed

(waybar:142368): Gtk-CRITICAL **: 19:18:02.812: gtk_widget_set_accel_path: assertion 'GTK_IS_ACCEL_GROUP (accel_group)' failed

(waybar:142368): Gtk-CRITICAL **: 19:18:02.812: gtk_widget_add_accelerator: assertion 'GTK_IS_ACCEL_GROUP (accel_group)' failed

(waybar:142368): Gtk-CRITICAL **: 19:18:02.813: gtk_widget_set_accel_path: assertion 'GTK_IS_ACCEL_GROUP (accel_group)' failed

(waybar:142368): Gtk-CRITICAL **: 19:18:02.813: gtk_widget_add_accelerator: assertion 'GTK_IS_ACCEL_GROUP (accel_group)' failed

(waybar:142368): Gtk-CRITICAL **: 19:18:02.817: gtk_widget_set_accel_path: assertion 'GTK_IS_ACCEL_GROUP (accel_group)' failed

(waybar:142368): Gtk-CRITICAL **: 19:18:02.817: gtk_widget_add_accelerator: assertion 'GTK_IS_ACCEL_GROUP (accel_group)' failed
--- Matugen Trigger: lun 04 may 2026 19:18:36 -04 ---
Imagen recibida: 
Ruta corregida de config.ini: /mnt/Respaldos/wallpapers/wallpaperbetter.com_1920x1080 (5).jpg
Matugen ejecutado con éxito.
--- Refresco Global: lun 04 may 2026 19:18:36 -04 ---
[2026-05-04 19:18:36.666] [info] Hyprland config reloaded, reinitializing hyprland/workspaces module...
ok
[2026-05-04 19:18:36.675] [info] Loading persistent workspaces from Waybar config
[2026-05-04 19:18:36.676] [info] Loading persistent workspaces from Hyprland workspace rules
[2026-05-04 19:18:36.682] [info] Hyprland config reloaded, reinitializing hyprland/workspaces module...
[2026-05-04 19:18:36.682] [info] Loading persistent workspaces from Waybar config
[2026-05-04 19:18:36.682] [info] Loading persistent workspaces from Hyprland workspace rules
MESSAGE: Setting 'height' has changed behaviour after dunst 1.12.0, see https://dunst-project.org/release/#v1.12.0.
MESSAGE: Legacy height support may be dropped in the future. If you want to hide this message transition to
MESSAGE: 'height = (0, X)' for dynamic height (old behaviour equivalent) or to 'height = (X, X)' for a fixed height.
MESSAGE: Using legacy offset syntax NxN, you should switch to the new syntax (N, N)
ok
Refresco completado.
[2026-05-04 19:18:36.759] [info] Using configuration file /home/johancy/.config/waybar/config.jsonc
[2026-05-04 19:18:36.760] [info] Discovered appearance 'dark'
[2026-05-04 19:18:36.782] [info] Using CSS file /home/johancy/.config/waybar/style.css
[2026-05-04 19:18:36.786] [info] Hyprland IPC starting
[2026-05-04 19:18:36.786] [info] Loading persistent workspaces from Waybar config
[2026-05-04 19:18:36.786] [info] Loading persistent workspaces from Hyprland workspace rules

** (waybar:142691): WARNING **: 19:18:36.914: Status Notifier Item with bus name ':1.42' and object path '/org/ayatana/NotificationItem/nm_applet' is already registered
[2026-05-04 19:18:36.947] [warning] Requested height: 40 is less than the minimum height: 46 required by the modules
[2026-05-04 19:18:36.947] [info] Bar configured (width: 1920, height: 46) for output: DP-1

(waybar:142691): Gtk-CRITICAL **: 19:18:36.950: gtk_widget_set_accel_path: assertion 'GTK_IS_ACCEL_GROUP (accel_group)' failed

(waybar:142691): Gtk-CRITICAL **: 19:18:36.950: gtk_widget_add_accelerator: assertion 'GTK_IS_ACCEL_GROUP (accel_group)' failed

(waybar:142691): Gtk-CRITICAL **: 19:18:36.959: gtk_widget_set_accel_path: assertion 'GTK_IS_ACCEL_GROUP (accel_group)' failed

(waybar:142691): Gtk-CRITICAL **: 19:18:36.959: gtk_widget_add_accelerator: assertion 'GTK_IS_ACCEL_GROUP (accel_group)' failed

(waybar:142691): Gtk-CRITICAL **: 19:18:36.961: gtk_widget_set_accel_path: assertion 'GTK_IS_ACCEL_GROUP (accel_group)' failed

(waybar:142691): Gtk-CRITICAL **: 19:18:36.961: gtk_widget_add_accelerator: assertion 'GTK_IS_ACCEL_GROUP (accel_group)' failed

(waybar:142691): Gtk-CRITICAL **: 19:18:36.962: gtk_widget_set_accel_path: assertion 'GTK_IS_ACCEL_GROUP (accel_group)' failed

(waybar:142691): Gtk-CRITICAL **: 19:18:36.962: gtk_widget_add_accelerator: assertion 'GTK_IS_ACCEL_GROUP (accel_group)' failed

(waybar:142691): Gtk-CRITICAL **: 19:18:36.963: gtk_widget_set_accel_path: assertion 'GTK_IS_ACCEL_GROUP (accel_group)' failed

(waybar:142691): Gtk-CRITICAL **: 19:18:36.963: gtk_widget_add_accelerator: assertion 'GTK_IS_ACCEL_GROUP (accel_group)' failed
--- Matugen Trigger: lun 04 may 2026 19:21:44 -04 ---
Imagen recibida: 
Ruta corregida de config.ini: /mnt/Respaldos/wallpapers/wallpaperbetter.com_1920x1080 (5).jpg
Matugen ejecutado con éxito.
[2026-05-04 19:21:44.802] [info] Hyprland config reloaded, reinitializing hyprland/workspaces module...
--- Refresco Global: lun 04 may 2026 19:21:44 -04 ---
ok
[2026-05-04 19:21:44.820] [info] Loading persistent workspaces from Waybar config
[2026-05-04 19:21:44.820] [info] Loading persistent workspaces from Hyprland workspace rules
[2026-05-04 19:21:44.822] [info] Hyprland config reloaded, reinitializing hyprland/workspaces module...
[2026-05-04 19:21:44.822] [info] Loading persistent workspaces from Waybar config
[2026-05-04 19:21:44.822] [info] Loading persistent workspaces from Hyprland workspace rules
MESSAGE: Setting 'height' has changed behaviour after dunst 1.12.0, see https://dunst-project.org/release/#v1.12.0.
MESSAGE: Legacy height support may be dropped in the future. If you want to hide this message transition to
MESSAGE: 'height = (0, X)' for dynamic height (old behaviour equivalent) or to 'height = (X, X)' for a fixed height.
MESSAGE: Using legacy offset syntax NxN, you should switch to the new syntax (N, N)
ok
Refresco completado.
[2026-05-04 19:21:44.910] [info] Using configuration file /home/johancy/.config/waybar/config.jsonc
[2026-05-04 19:21:44.914] [info] Discovered appearance 'dark'
[2026-05-04 19:21:44.936] [info] Using CSS file /home/johancy/.config/waybar/style.css
[2026-05-04 19:21:44.940] [info] Hyprland IPC starting
[2026-05-04 19:21:44.940] [info] Loading persistent workspaces from Waybar config
[2026-05-04 19:21:44.940] [info] Loading persistent workspaces from Hyprland workspace rules

** (waybar:144098): WARNING **: 19:21:45.068: Status Notifier Item with bus name ':1.42' and object path '/org/ayatana/NotificationItem/nm_applet' is already registered
[2026-05-04 19:21:45.101] [warning] Requested height: 40 is less than the minimum height: 46 required by the modules
[2026-05-04 19:21:45.101] [info] Bar configured (width: 1920, height: 46) for output: DP-1

(waybar:144098): Gtk-CRITICAL **: 19:21:45.105: gtk_widget_set_accel_path: assertion 'GTK_IS_ACCEL_GROUP (accel_group)' failed

(waybar:144098): Gtk-CRITICAL **: 19:21:45.105: gtk_widget_add_accelerator: assertion 'GTK_IS_ACCEL_GROUP (accel_group)' failed

(waybar:144098): Gtk-CRITICAL **: 19:21:45.114: gtk_widget_set_accel_path: assertion 'GTK_IS_ACCEL_GROUP (accel_group)' failed

(waybar:144098): Gtk-CRITICAL **: 19:21:45.114: gtk_widget_add_accelerator: assertion 'GTK_IS_ACCEL_GROUP (accel_group)' failed

(waybar:144098): Gtk-CRITICAL **: 19:21:45.118: gtk_widget_set_accel_path: assertion 'GTK_IS_ACCEL_GROUP (accel_group)' failed

(waybar:144098): Gtk-CRITICAL **: 19:21:45.118: gtk_widget_add_accelerator: assertion 'GTK_IS_ACCEL_GROUP (accel_group)' failed

(waybar:144098): Gtk-CRITICAL **: 19:21:45.119: gtk_widget_set_accel_path: assertion 'GTK_IS_ACCEL_GROUP (accel_group)' failed

(waybar:144098): Gtk-CRITICAL **: 19:21:45.119: gtk_widget_add_accelerator: assertion 'GTK_IS_ACCEL_GROUP (accel_group)' failed

(waybar:144098): Gtk-CRITICAL **: 19:21:45.120: gtk_widget_set_accel_path: assertion 'GTK_IS_ACCEL_GROUP (accel_group)' failed

(waybar:144098): Gtk-CRITICAL **: 19:21:45.120: gtk_widget_add_accelerator: assertion 'GTK_IS_ACCEL_GROUP (accel_group)' failed
--- Matugen Trigger: lun 04 may 2026 19:21:53 -04 ---
Imagen recibida: 
Ruta corregida de config.ini: /mnt/Respaldos/wallpapers/wallpaperbetter.com_1920x1080 (5).jpg
Matugen ejecutado con éxito.
[2026-05-04 19:21:53.381] [info] Hyprland config reloaded, reinitializing hyprland/workspaces module...
--- Refresco Global: lun 04 may 2026 19:21:53 -04 ---
[2026-05-04 19:21:53.384] [info] Loading persistent workspaces from Waybar config
[2026-05-04 19:21:53.384] [info] Loading persistent workspaces from Hyprland workspace rules
ok
[2026-05-04 19:21:53.390] [info] Hyprland config reloaded, reinitializing hyprland/workspaces module...
[2026-05-04 19:21:53.396] [info] Loading persistent workspaces from Waybar config
[2026-05-04 19:21:53.396] [info] Loading persistent workspaces from Hyprland workspace rules
MESSAGE: Setting 'height' has changed behaviour after dunst 1.12.0, see https://dunst-project.org/release/#v1.12.0.
MESSAGE: Legacy height support may be dropped in the future. If you want to hide this message transition to
MESSAGE: 'height = (0, X)' for dynamic height (old behaviour equivalent) or to 'height = (X, X)' for a fixed height.
MESSAGE: Using legacy offset syntax NxN, you should switch to the new syntax (N, N)
ok
Refresco completado.
[2026-05-04 19:21:53.473] [info] Using configuration file /home/johancy/.config/waybar/config.jsonc
[2026-05-04 19:21:53.475] [info] Discovered appearance 'dark'
[2026-05-04 19:21:53.497] [info] Using CSS file /home/johancy/.config/waybar/style.css
[2026-05-04 19:21:53.501] [info] Hyprland IPC starting
[2026-05-04 19:21:53.501] [info] Loading persistent workspaces from Waybar config
[2026-05-04 19:21:53.501] [info] Loading persistent workspaces from Hyprland workspace rules

** (waybar:144234): WARNING **: 19:21:53.630: Status Notifier Item with bus name ':1.42' and object path '/org/ayatana/NotificationItem/nm_applet' is already registered
[2026-05-04 19:21:53.660] [warning] Requested height: 40 is less than the minimum height: 46 required by the modules
[2026-05-04 19:21:53.661] [info] Bar configured (width: 1920, height: 46) for output: DP-1

(waybar:144234): Gtk-CRITICAL **: 19:21:53.664: gtk_widget_set_accel_path: assertion 'GTK_IS_ACCEL_GROUP (accel_group)' failed

(waybar:144234): Gtk-CRITICAL **: 19:21:53.664: gtk_widget_add_accelerator: assertion 'GTK_IS_ACCEL_GROUP (accel_group)' failed

(waybar:144234): Gtk-CRITICAL **: 19:21:53.672: gtk_widget_set_accel_path: assertion 'GTK_IS_ACCEL_GROUP (accel_group)' failed

(waybar:144234): Gtk-CRITICAL **: 19:21:53.673: gtk_widget_add_accelerator: assertion 'GTK_IS_ACCEL_GROUP (accel_group)' failed

(waybar:144234): Gtk-CRITICAL **: 19:21:53.675: gtk_widget_set_accel_path: assertion 'GTK_IS_ACCEL_GROUP (accel_group)' failed

(waybar:144234): Gtk-CRITICAL **: 19:21:53.675: gtk_widget_add_accelerator: assertion 'GTK_IS_ACCEL_GROUP (accel_group)' failed

(waybar:144234): Gtk-CRITICAL **: 19:21:53.676: gtk_widget_set_accel_path: assertion 'GTK_IS_ACCEL_GROUP (accel_group)' failed

(waybar:144234): Gtk-CRITICAL **: 19:21:53.676: gtk_widget_add_accelerator: assertion 'GTK_IS_ACCEL_GROUP (accel_group)' failed

(waybar:144234): Gtk-CRITICAL **: 19:21:53.677: gtk_widget_set_accel_path: assertion 'GTK_IS_ACCEL_GROUP (accel_group)' failed

(waybar:144234): Gtk-CRITICAL **: 19:21:53.677: gtk_widget_add_accelerator: assertion 'GTK_IS_ACCEL_GROUP (accel_group)' failed
2026-05-04 19:21:57 - [swaybg-1.2.2/main.c:332] Found config * for output DP-1 (VIE JP165-240G )
--- Matugen Trigger: lun 04 may 2026 19:21:57 -04 ---
Imagen recibida: /mnt/Respaldos/wallpapers/wallpaperbetter.com_1920x1080\ (10).jpg
Ruta corregida de config.ini: /mnt/Respaldos/wallpapers/wallpaperbetter.com_1920x1080 (10).jpg
Matugen ejecutado con éxito.
--- Refresco Global: lun 04 may 2026 19:21:57 -04 ---
[2026-05-04 19:21:57.766] [info] Hyprland config reloaded, reinitializing hyprland/workspaces module...
ok
[2026-05-04 19:21:57.785] [info] Loading persistent workspaces from Waybar config
[2026-05-04 19:21:57.785] [info] Loading persistent workspaces from Hyprland workspace rules
[2026-05-04 19:21:57.786] [info] Hyprland config reloaded, reinitializing hyprland/workspaces module...
[2026-05-04 19:21:57.786] [info] Loading persistent workspaces from Waybar config
[2026-05-04 19:21:57.786] [info] Loading persistent workspaces from Hyprland workspace rules
MESSAGE: Setting 'height' has changed behaviour after dunst 1.12.0, see https://dunst-project.org/release/#v1.12.0.
MESSAGE: Legacy height support may be dropped in the future. If you want to hide this message transition to
MESSAGE: 'height = (0, X)' for dynamic height (old behaviour equivalent) or to 'height = (X, X)' for a fixed height.
MESSAGE: Using legacy offset syntax NxN, you should switch to the new syntax (N, N)
ok
Refresco completado.
[2026-05-04 19:21:57.868] [info] Using configuration file /home/johancy/.config/waybar/config.jsonc
[2026-05-04 19:21:57.870] [info] Discovered appearance 'dark'
[2026-05-04 19:21:57.893] [info] Using CSS file /home/johancy/.config/waybar/style.css
[2026-05-04 19:21:57.896] [info] Hyprland IPC starting
[2026-05-04 19:21:57.897] [info] Loading persistent workspaces from Waybar config
[2026-05-04 19:21:57.897] [info] Loading persistent workspaces from Hyprland workspace rules

** (waybar:144970): WARNING **: 19:21:58.027: Status Notifier Item with bus name ':1.42' and object path '/org/ayatana/NotificationItem/nm_applet' is already registered
[2026-05-04 19:21:58.062] [warning] Requested height: 40 is less than the minimum height: 46 required by the modules
[2026-05-04 19:21:58.062] [info] Bar configured (width: 1920, height: 46) for output: DP-1

(waybar:144970): Gtk-CRITICAL **: 19:21:58.067: gtk_widget_set_accel_path: assertion 'GTK_IS_ACCEL_GROUP (accel_group)' failed

(waybar:144970): Gtk-CRITICAL **: 19:21:58.067: gtk_widget_add_accelerator: assertion 'GTK_IS_ACCEL_GROUP (accel_group)' failed

(waybar:144970): Gtk-CRITICAL **: 19:21:58.076: gtk_widget_set_accel_path: assertion 'GTK_IS_ACCEL_GROUP (accel_group)' failed

(waybar:144970): Gtk-CRITICAL **: 19:21:58.076: gtk_widget_add_accelerator: assertion 'GTK_IS_ACCEL_GROUP (accel_group)' failed

(waybar:144970): Gtk-CRITICAL **: 19:21:58.079: gtk_widget_set_accel_path: assertion 'GTK_IS_ACCEL_GROUP (accel_group)' failed

(waybar:144970): Gtk-CRITICAL **: 19:21:58.079: gtk_widget_add_accelerator: assertion 'GTK_IS_ACCEL_GROUP (accel_group)' failed

(waybar:144970): Gtk-CRITICAL **: 19:21:58.082: gtk_widget_set_accel_path: assertion 'GTK_IS_ACCEL_GROUP (accel_group)' failed

(waybar:144970): Gtk-CRITICAL **: 19:21:58.082: gtk_widget_add_accelerator: assertion 'GTK_IS_ACCEL_GROUP (accel_group)' failed

(waybar:144970): Gtk-CRITICAL **: 19:21:58.085: gtk_widget_set_accel_path: assertion 'GTK_IS_ACCEL_GROUP (accel_group)' failed

(waybar:144970): Gtk-CRITICAL **: 19:21:58.085: gtk_widget_add_accelerator: assertion 'GTK_IS_ACCEL_GROUP (accel_group)' failed
2026-05-04 19:22:00 - [swaybg-1.2.2/main.c:332] Found config * for output DP-1 (VIE JP165-240G )
--- Matugen Trigger: lun 04 may 2026 19:22:00 -04 ---
Imagen recibida: /mnt/Respaldos/wallpapers/wallpaperbetter.com_1920x1080\ (1).jpg
Ruta corregida de config.ini: /mnt/Respaldos/wallpapers/wallpaperbetter.com_1920x1080 (1).jpg
Matugen ejecutado con éxito.
--- Refresco Global: lun 04 may 2026 19:22:00 -04 ---
[2026-05-04 19:22:00.372] [info] Hyprland config reloaded, reinitializing hyprland/workspaces module...
ok
[2026-05-04 19:22:00.391] [info] Loading persistent workspaces from Waybar config
[2026-05-04 19:22:00.391] [info] Loading persistent workspaces from Hyprland workspace rules
[2026-05-04 19:22:00.392] [info] Hyprland config reloaded, reinitializing hyprland/workspaces module...
[2026-05-04 19:22:00.393] [info] Loading persistent workspaces from Waybar config
[2026-05-04 19:22:00.393] [info] Loading persistent workspaces from Hyprland workspace rules
MESSAGE: Setting 'height' has changed behaviour after dunst 1.12.0, see https://dunst-project.org/release/#v1.12.0.
MESSAGE: Legacy height support may be dropped in the future. If you want to hide this message transition to
MESSAGE: 'height = (0, X)' for dynamic height (old behaviour equivalent) or to 'height = (X, X)' for a fixed height.
MESSAGE: Using legacy offset syntax NxN, you should switch to the new syntax (N, N)
ok
Refresco completado.
[2026-05-04 19:22:00.475] [info] Using configuration file /home/johancy/.config/waybar/config.jsonc
[2026-05-04 19:22:00.476] [info] Discovered appearance 'dark'
[2026-05-04 19:22:00.498] [info] Using CSS file /home/johancy/.config/waybar/style.css
[2026-05-04 19:22:00.501] [info] Hyprland IPC starting
[2026-05-04 19:22:00.502] [info] Loading persistent workspaces from Waybar config
[2026-05-04 19:22:00.502] [info] Loading persistent workspaces from Hyprland workspace rules

** (waybar:147312): WARNING **: 19:22:00.632: Status Notifier Item with bus name ':1.42' and object path '/org/ayatana/NotificationItem/nm_applet' is already registered
[2026-05-04 19:22:00.678] [warning] Requested height: 40 is less than the minimum height: 46 required by the modules
[2026-05-04 19:22:00.678] [info] Bar configured (width: 1920, height: 46) for output: DP-1

(waybar:147312): Gtk-CRITICAL **: 19:22:00.684: gtk_widget_set_accel_path: assertion 'GTK_IS_ACCEL_GROUP (accel_group)' failed

(waybar:147312): Gtk-CRITICAL **: 19:22:00.684: gtk_widget_add_accelerator: assertion 'GTK_IS_ACCEL_GROUP (accel_group)' failed

(waybar:147312): Gtk-CRITICAL **: 19:22:00.696: gtk_widget_set_accel_path: assertion 'GTK_IS_ACCEL_GROUP (accel_group)' failed

(waybar:147312): Gtk-CRITICAL **: 19:22:00.696: gtk_widget_add_accelerator: assertion 'GTK_IS_ACCEL_GROUP (accel_group)' failed

(waybar:147312): Gtk-CRITICAL **: 19:22:00.702: gtk_widget_set_accel_path: assertion 'GTK_IS_ACCEL_GROUP (accel_group)' failed

(waybar:147312): Gtk-CRITICAL **: 19:22:00.702: gtk_widget_add_accelerator: assertion 'GTK_IS_ACCEL_GROUP (accel_group)' failed

(waybar:147312): Gtk-CRITICAL **: 19:22:00.705: gtk_widget_set_accel_path: assertion 'GTK_IS_ACCEL_GROUP (accel_group)' failed

(waybar:147312): Gtk-CRITICAL **: 19:22:00.705: gtk_widget_add_accelerator: assertion 'GTK_IS_ACCEL_GROUP (accel_group)' failed

(waybar:147312): Gtk-CRITICAL **: 19:22:00.706: gtk_widget_set_accel_path: assertion 'GTK_IS_ACCEL_GROUP (accel_group)' failed

(waybar:147312): Gtk-CRITICAL **: 19:22:00.706: gtk_widget_add_accelerator: assertion 'GTK_IS_ACCEL_GROUP (accel_group)' failed
File '/home/johancy/.config/waypaper/keybindings.ini' does not exist
Selected file: /mnt/Respaldos/wallpapers/wallpaperbetter.com_1920x1080 (10).jpg
Sent swaybg command to set wallpaperbetter.com_1920x1080 (10).jpg on All display

Executed "~/.config/waypaper/post_command.sh "/mnt/Respaldos/wallpapers/wallpaperbetter.com_1920x1080\ (10).jpg"" post-command

Selected file: /mnt/Respaldos/wallpapers/wallpaperbetter.com_1920x1080 (1).jpg
Sent swaybg command to set wallpaperbetter.com_1920x1080 (1).jpg on All display

Executed "~/.config/waypaper/post_command.sh "/mnt/Respaldos/wallpapers/wallpaperbetter.com_1920x1080\ (1).jpg"" post-command

2026-05-04 19:22:08 - [swaybg-1.2.2/main.c:332] Found config * for output DP-1 (VIE JP165-240G )
--- Matugen Trigger: lun 04 may 2026 19:22:08 -04 ---
Imagen recibida: /mnt/Respaldos/wallpapers/wallpaperbetter.com_1920x1080\ (5).jpg
Ruta corregida de config.ini: /mnt/Respaldos/wallpapers/wallpaperbetter.com_1920x1080 (5).jpg
Matugen ejecutado con éxito.
--- Refresco Global: lun 04 may 2026 19:22:08 -04 ---
[2026-05-04 19:22:08.513] [info] Hyprland config reloaded, reinitializing hyprland/workspaces module...
ok
[2026-05-04 19:22:08.525] [info] Loading persistent workspaces from Waybar config
[2026-05-04 19:22:08.525] [info] Loading persistent workspaces from Hyprland workspace rules
[2026-05-04 19:22:08.531] [info] Hyprland config reloaded, reinitializing hyprland/workspaces module...
[2026-05-04 19:22:08.531] [info] Loading persistent workspaces from Waybar config
[2026-05-04 19:22:08.531] [info] Loading persistent workspaces from Hyprland workspace rules
MESSAGE: Setting 'height' has changed behaviour after dunst 1.12.0, see https://dunst-project.org/release/#v1.12.0.
MESSAGE: Legacy height support may be dropped in the future. If you want to hide this message transition to
MESSAGE: 'height = (0, X)' for dynamic height (old behaviour equivalent) or to 'height = (X, X)' for a fixed height.
MESSAGE: Using legacy offset syntax NxN, you should switch to the new syntax (N, N)
[2026-05-04 19:22:08.614] [info] Using configuration file /home/johancy/.config/waybar/config.jsonc
ok
Refresco completado.
[2026-05-04 19:22:08.618] [info] Discovered appearance 'dark'
[2026-05-04 19:22:08.645] [info] Using CSS file /home/johancy/.config/waybar/style.css
[2026-05-04 19:22:08.648] [info] Hyprland IPC starting
[2026-05-04 19:22:08.648] [info] Loading persistent workspaces from Waybar config
[2026-05-04 19:22:08.649] [info] Loading persistent workspaces from Hyprland workspace rules

** (waybar:150297): WARNING **: 19:22:08.778: Status Notifier Item with bus name ':1.42' and object path '/org/ayatana/NotificationItem/nm_applet' is already registered
[2026-05-04 19:22:08.813] [warning] Requested height: 40 is less than the minimum height: 46 required by the modules
[2026-05-04 19:22:08.813] [info] Bar configured (width: 1920, height: 46) for output: DP-1

(waybar:150297): Gtk-CRITICAL **: 19:22:08.816: gtk_widget_set_accel_path: assertion 'GTK_IS_ACCEL_GROUP (accel_group)' failed

(waybar:150297): Gtk-CRITICAL **: 19:22:08.816: gtk_widget_add_accelerator: assertion 'GTK_IS_ACCEL_GROUP (accel_group)' failed

(waybar:150297): Gtk-CRITICAL **: 19:22:08.825: gtk_widget_set_accel_path: assertion 'GTK_IS_ACCEL_GROUP (accel_group)' failed

(waybar:150297): Gtk-CRITICAL **: 19:22:08.825: gtk_widget_add_accelerator: assertion 'GTK_IS_ACCEL_GROUP (accel_group)' failed

(waybar:150297): Gtk-CRITICAL **: 19:22:08.827: gtk_widget_set_accel_path: assertion 'GTK_IS_ACCEL_GROUP (accel_group)' failed

(waybar:150297): Gtk-CRITICAL **: 19:22:08.827: gtk_widget_add_accelerator: assertion 'GTK_IS_ACCEL_GROUP (accel_group)' failed

(waybar:150297): Gtk-CRITICAL **: 19:22:08.829: gtk_widget_set_accel_path: assertion 'GTK_IS_ACCEL_GROUP (accel_group)' failed

(waybar:150297): Gtk-CRITICAL **: 19:22:08.829: gtk_widget_add_accelerator: assertion 'GTK_IS_ACCEL_GROUP (accel_group)' failed

(waybar:150297): Gtk-CRITICAL **: 19:22:08.829: gtk_widget_set_accel_path: assertion 'GTK_IS_ACCEL_GROUP (accel_group)' failed

(waybar:150297): Gtk-CRITICAL **: 19:22:08.830: gtk_widget_add_accelerator: assertion 'GTK_IS_ACCEL_GROUP (accel_group)' failed
File '/home/johancy/.config/waypaper/keybindings.ini' does not exist
Selected file: /mnt/Respaldos/wallpapers/wallpaperbetter.com_1920x1080 (5).jpg
Sent swaybg command to set wallpaperbetter.com_1920x1080 (5).jpg on All display

Executed "~/.config/waypaper/post_command.sh "/mnt/Respaldos/wallpapers/wallpaperbetter.com_1920x1080\ (5).jpg"" post-command

--- Matugen Trigger: lun 04 may 2026 19:23:10 -04 ---
Imagen recibida: 
Ruta corregida de config.ini: /mnt/Respaldos/wallpapers/wallpaperbetter.com_1920x1080 (5).jpg
[2026-05-04 19:23:10.587] [info] Hyprland config reloaded, reinitializing hyprland/workspaces module...
Matugen ejecutado con éxito.
--- Refresco Global: lun 04 may 2026 19:23:10 -04 ---
[2026-05-04 19:23:10.593] [info] Loading persistent workspaces from Waybar config
[2026-05-04 19:23:10.593] [info] Loading persistent workspaces from Hyprland workspace rules
ok
[2026-05-04 19:23:10.605] [info] Hyprland config reloaded, reinitializing hyprland/workspaces module...
[2026-05-04 19:23:10.606] [info] Loading persistent workspaces from Waybar config
[2026-05-04 19:23:10.606] [info] Loading persistent workspaces from Hyprland workspace rules
MESSAGE: Setting 'height' has changed behaviour after dunst 1.12.0, see https://dunst-project.org/release/#v1.12.0.
MESSAGE: Legacy height support may be dropped in the future. If you want to hide this message transition to
MESSAGE: 'height = (0, X)' for dynamic height (old behaviour equivalent) or to 'height = (X, X)' for a fixed height.
MESSAGE: Using legacy offset syntax NxN, you should switch to the new syntax (N, N)
ok
Refresco completado.
[2026-05-04 19:23:10.688] [info] Using configuration file /home/johancy/.config/waybar/config.jsonc
[2026-05-04 19:23:10.690] [info] Discovered appearance 'dark'
[2026-05-04 19:23:10.712] [info] Using CSS file /home/johancy/.config/waybar/style.css
[2026-05-04 19:23:10.716] [info] Hyprland IPC starting
[2026-05-04 19:23:10.716] [info] Loading persistent workspaces from Waybar config
[2026-05-04 19:23:10.717] [info] Loading persistent workspaces from Hyprland workspace rules

** (waybar:156443): WARNING **: 19:23:10.847: Status Notifier Item with bus name ':1.42' and object path '/org/ayatana/NotificationItem/nm_applet' is already registered
[2026-05-04 19:23:10.881] [warning] Requested height: 40 is less than the minimum height: 46 required by the modules
[2026-05-04 19:23:10.881] [info] Bar configured (width: 1920, height: 46) for output: DP-1

(waybar:156443): Gtk-CRITICAL **: 19:23:10.885: gtk_widget_set_accel_path: assertion 'GTK_IS_ACCEL_GROUP (accel_group)' failed

(waybar:156443): Gtk-CRITICAL **: 19:23:10.885: gtk_widget_add_accelerator: assertion 'GTK_IS_ACCEL_GROUP (accel_group)' failed

(waybar:156443): Gtk-CRITICAL **: 19:23:10.894: gtk_widget_set_accel_path: assertion 'GTK_IS_ACCEL_GROUP (accel_group)' failed

(waybar:156443): Gtk-CRITICAL **: 19:23:10.894: gtk_widget_add_accelerator: assertion 'GTK_IS_ACCEL_GROUP (accel_group)' failed

(waybar:156443): Gtk-CRITICAL **: 19:23:10.896: gtk_widget_set_accel_path: assertion 'GTK_IS_ACCEL_GROUP (accel_group)' failed

(waybar:156443): Gtk-CRITICAL **: 19:23:10.896: gtk_widget_add_accelerator: assertion 'GTK_IS_ACCEL_GROUP (accel_group)' failed

(waybar:156443): Gtk-CRITICAL **: 19:23:10.897: gtk_widget_set_accel_path: assertion 'GTK_IS_ACCEL_GROUP (accel_group)' failed

(waybar:156443): Gtk-CRITICAL **: 19:23:10.897: gtk_widget_add_accelerator: assertion 'GTK_IS_ACCEL_GROUP (accel_group)' failed

(waybar:156443): Gtk-CRITICAL **: 19:23:10.898: gtk_widget_set_accel_path: assertion 'GTK_IS_ACCEL_GROUP (accel_group)' failed

(waybar:156443): Gtk-CRITICAL **: 19:23:10.898: gtk_widget_add_accelerator: assertion 'GTK_IS_ACCEL_GROUP (accel_group)' failed
WARNING: Icon 'qbittorrent' not found in icon_path
--- Matugen Trigger: lun 04 may 2026 19:23:21 -04 ---
Imagen recibida: 
Ruta corregida de config.ini: /mnt/Respaldos/wallpapers/wallpaperbetter.com_1920x1080 (5).jpg
[2026-05-04 19:23:21.543] [info] Hyprland config reloaded, reinitializing hyprland/workspaces module...
Matugen ejecutado con éxito.
--- Refresco Global: lun 04 may 2026 19:23:21 -04 ---
ok
[2026-05-04 19:23:21.563] [info] Loading persistent workspaces from Waybar config
[2026-05-04 19:23:21.563] [info] Loading persistent workspaces from Hyprland workspace rules
[2026-05-04 19:23:21.565] [info] Hyprland config reloaded, reinitializing hyprland/workspaces module...
[2026-05-04 19:23:21.565] [info] Loading persistent workspaces from Waybar config
[2026-05-04 19:23:21.565] [info] Loading persistent workspaces from Hyprland workspace rules
MESSAGE: Setting 'height' has changed behaviour after dunst 1.12.0, see https://dunst-project.org/release/#v1.12.0.
MESSAGE: Legacy height support may be dropped in the future. If you want to hide this message transition to
MESSAGE: 'height = (0, X)' for dynamic height (old behaviour equivalent) or to 'height = (X, X)' for a fixed height.
MESSAGE: Using legacy offset syntax NxN, you should switch to the new syntax (N, N)
ok
Refresco completado.
[2026-05-04 19:23:21.638] [info] Using configuration file /home/johancy/.config/waybar/config.jsonc
[2026-05-04 19:23:21.640] [info] Discovered appearance 'dark'
[2026-05-04 19:23:21.661] [info] Using CSS file /home/johancy/.config/waybar/style.css
[2026-05-04 19:23:21.664] [info] Hyprland IPC starting
[2026-05-04 19:23:21.664] [info] Loading persistent workspaces from Waybar config
[2026-05-04 19:23:21.664] [info] Loading persistent workspaces from Hyprland workspace rules

** (waybar:156616): WARNING **: 19:23:21.792: Status Notifier Item with bus name ':1.42' and object path '/org/ayatana/NotificationItem/nm_applet' is already registered
[2026-05-04 19:23:21.823] [warning] Requested height: 40 is less than the minimum height: 46 required by the modules
[2026-05-04 19:23:21.823] [info] Bar configured (width: 1920, height: 46) for output: DP-1

(waybar:156616): Gtk-CRITICAL **: 19:23:21.826: gtk_widget_set_accel_path: assertion 'GTK_IS_ACCEL_GROUP (accel_group)' failed

(waybar:156616): Gtk-CRITICAL **: 19:23:21.826: gtk_widget_add_accelerator: assertion 'GTK_IS_ACCEL_GROUP (accel_group)' failed

(waybar:156616): Gtk-CRITICAL **: 19:23:21.835: gtk_widget_set_accel_path: assertion 'GTK_IS_ACCEL_GROUP (accel_group)' failed

(waybar:156616): Gtk-CRITICAL **: 19:23:21.835: gtk_widget_add_accelerator: assertion 'GTK_IS_ACCEL_GROUP (accel_group)' failed

(waybar:156616): Gtk-CRITICAL **: 19:23:21.837: gtk_widget_set_accel_path: assertion 'GTK_IS_ACCEL_GROUP (accel_group)' failed

(waybar:156616): Gtk-CRITICAL **: 19:23:21.837: gtk_widget_add_accelerator: assertion 'GTK_IS_ACCEL_GROUP (accel_group)' failed

(waybar:156616): Gtk-CRITICAL **: 19:23:21.838: gtk_widget_set_accel_path: assertion 'GTK_IS_ACCEL_GROUP (accel_group)' failed

(waybar:156616): Gtk-CRITICAL **: 19:23:21.838: gtk_widget_add_accelerator: assertion 'GTK_IS_ACCEL_GROUP (accel_group)' failed

(waybar:156616): Gtk-CRITICAL **: 19:23:21.839: gtk_widget_set_accel_path: assertion 'GTK_IS_ACCEL_GROUP (accel_group)' failed

(waybar:156616): Gtk-CRITICAL **: 19:23:21.839: gtk_widget_add_accelerator: assertion 'GTK_IS_ACCEL_GROUP (accel_group)' failed
--- Matugen Trigger: lun 04 may 2026 19:27:20 -04 ---
Imagen recibida: 
Ruta corregida de config.ini: /mnt/Respaldos/wallpapers/wallpaperbetter.com_1920x1080 (5).jpg
Matugen ejecutado con éxito.
--- Refresco Global: lun 04 may 2026 19:27:20 -04 ---
[2026-05-04 19:27:20.296] [info] Hyprland config reloaded, reinitializing hyprland/workspaces module...
ok
[2026-05-04 19:27:20.314] [info] Loading persistent workspaces from Waybar config
[2026-05-04 19:27:20.315] [info] Loading persistent workspaces from Hyprland workspace rules
[2026-05-04 19:27:20.316] [info] Hyprland config reloaded, reinitializing hyprland/workspaces module...
[2026-05-04 19:27:20.316] [info] Loading persistent workspaces from Waybar config
[2026-05-04 19:27:20.316] [info] Loading persistent workspaces from Hyprland workspace rules
MESSAGE: Setting 'height' has changed behaviour after dunst 1.12.0, see https://dunst-project.org/release/#v1.12.0.
MESSAGE: Legacy height support may be dropped in the future. If you want to hide this message transition to
MESSAGE: 'height = (0, X)' for dynamic height (old behaviour equivalent) or to 'height = (X, X)' for a fixed height.
MESSAGE: Using legacy offset syntax NxN, you should switch to the new syntax (N, N)
ok
Refresco completado.
[2026-05-04 19:27:20.389] [info] Using configuration file /home/johancy/.config/waybar/config.jsonc
[2026-05-04 19:27:20.390] [info] Discovered appearance 'dark'
[2026-05-04 19:27:20.411] [info] Using CSS file /home/johancy/.config/waybar/style.css
[2026-05-04 19:27:20.414] [info] Hyprland IPC starting
[2026-05-04 19:27:20.415] [info] Loading persistent workspaces from Waybar config
[2026-05-04 19:27:20.415] [info] Loading persistent workspaces from Hyprland workspace rules

** (waybar:158233): WARNING **: 19:27:20.543: Status Notifier Item with bus name ':1.42' and object path '/org/ayatana/NotificationItem/nm_applet' is already registered
[2026-05-04 19:27:20.574] [warning] Requested height: 40 is less than the minimum height: 46 required by the modules
[2026-05-04 19:27:20.574] [info] Bar configured (width: 1920, height: 46) for output: DP-1

(waybar:158233): Gtk-CRITICAL **: 19:27:20.577: gtk_widget_set_accel_path: assertion 'GTK_IS_ACCEL_GROUP (accel_group)' failed

(waybar:158233): Gtk-CRITICAL **: 19:27:20.577: gtk_widget_add_accelerator: assertion 'GTK_IS_ACCEL_GROUP (accel_group)' failed

(waybar:158233): Gtk-CRITICAL **: 19:27:20.586: gtk_widget_set_accel_path: assertion 'GTK_IS_ACCEL_GROUP (accel_group)' failed

(waybar:158233): Gtk-CRITICAL **: 19:27:20.586: gtk_widget_add_accelerator: assertion 'GTK_IS_ACCEL_GROUP (accel_group)' failed

(waybar:158233): Gtk-CRITICAL **: 19:27:20.589: gtk_widget_set_accel_path: assertion 'GTK_IS_ACCEL_GROUP (accel_group)' failed

(waybar:158233): Gtk-CRITICAL **: 19:27:20.589: gtk_widget_add_accelerator: assertion 'GTK_IS_ACCEL_GROUP (accel_group)' failed

(waybar:158233): Gtk-CRITICAL **: 19:27:20.590: gtk_widget_set_accel_path: assertion 'GTK_IS_ACCEL_GROUP (accel_group)' failed

(waybar:158233): Gtk-CRITICAL **: 19:27:20.590: gtk_widget_add_accelerator: assertion 'GTK_IS_ACCEL_GROUP (accel_group)' failed

(waybar:158233): Gtk-CRITICAL **: 19:27:20.591: gtk_widget_set_accel_path: assertion 'GTK_IS_ACCEL_GROUP (accel_group)' failed

(waybar:158233): Gtk-CRITICAL **: 19:27:20.591: gtk_widget_add_accelerator: assertion 'GTK_IS_ACCEL_GROUP (accel_group)' failed

(waybar:158233): LIBDBUSMENU-GLIB-WARNING **: 19:28:02.548: Getting layout failed: GDBus.Error:org.freedesktop.DBus.Error.UnknownObject: No such object path '/MenuBar'
[2026-05-04 19:28:02.549] [warning] Failed to update properties: GDBus.Error:org.freedesktop.DBus.Error.UnknownObject: No such object path '/StatusNotifierItem'

** (waybar:158233): WARNING **: 19:28:02.550: Status Notifier Item with bus name ':1.42' and object path '/org/ayatana/NotificationItem/nm_applet' is already registered
--- Refresco Global: lun 04 may 2026 19:31:48 -04 ---
HYPRLAND_INSTANCE_SIGNATURE not set! (is hyprland running?)

Refresco completado.
--- Matugen Trigger: lun 04 may 2026 19:34:37 -04 ---
Imagen recibida: 
Ruta corregida de config.ini: /mnt/Respaldos/wallpapers/wallpaperbetter.com_1920x1080 (5).jpg
Matugen ejecutado con éxito.
--- Refresco Global: lun 04 may 2026 19:34:37 -04 ---
[2026-05-04 19:34:37.563] [info] Hyprland config reloaded, reinitializing hyprland/workspaces module...
ok
[2026-05-04 19:34:37.581] [info] Loading persistent workspaces from Waybar config
[2026-05-04 19:34:37.581] [info] Loading persistent workspaces from Hyprland workspace rules
[2026-05-04 19:34:37.582] [info] Hyprland config reloaded, reinitializing hyprland/workspaces module...
[2026-05-04 19:34:37.583] [info] Loading persistent workspaces from Waybar config
[2026-05-04 19:34:37.583] [info] Loading persistent workspaces from Hyprland workspace rules
MESSAGE: Setting 'height' has changed behaviour after dunst 1.12.0, see https://dunst-project.org/release/#v1.12.0.
MESSAGE: Legacy height support may be dropped in the future. If you want to hide this message transition to
MESSAGE: 'height = (0, X)' for dynamic height (old behaviour equivalent) or to 'height = (X, X)' for a fixed height.
MESSAGE: Using legacy offset syntax NxN, you should switch to the new syntax (N, N)
ok
Refresco completado.
[2026-05-04 19:34:37.657] [info] Using configuration file /home/johancy/.config/waybar/config.jsonc
[2026-05-04 19:34:37.658] [info] Discovered appearance 'dark'
[2026-05-04 19:34:37.680] [info] Using CSS file /home/johancy/.config/waybar/style.css
[2026-05-04 19:34:37.683] [info] Hyprland IPC starting
[2026-05-04 19:34:37.684] [info] Loading persistent workspaces from Waybar config
[2026-05-04 19:34:37.684] [info] Loading persistent workspaces from Hyprland workspace rules

** (waybar:162448): WARNING **: 19:34:37.811: Status Notifier Item with bus name ':1.42' and object path '/org/ayatana/NotificationItem/nm_applet' is already registered
[2026-05-04 19:34:37.814] [warning] Requested height: 40 is less than the minimum height: 46 required by the modules
[2026-05-04 19:34:37.814] [info] Bar configured (width: 1920, height: 46) for output: DP-1
[2026-05-04 19:34:37.814] [error] Item '': No icon name or pixmap given.
--- Matugen Trigger: lun 04 may 2026 19:36:15 -04 ---
Imagen recibida: 
Ruta corregida de config.ini: /mnt/Respaldos/wallpapers/wallpaperbetter.com_1920x1080 (5).jpg
[2026-05-04 19:36:15.528] [info] Hyprland config reloaded, reinitializing hyprland/workspaces module...
Matugen ejecutado con éxito.
--- Refresco Global: lun 04 may 2026 19:36:15 -04 ---
[2026-05-04 19:36:15.534] [info] Loading persistent workspaces from Waybar config
[2026-05-04 19:36:15.534] [info] Loading persistent workspaces from Hyprland workspace rules
ok
[2026-05-04 19:36:15.546] [info] Hyprland config reloaded, reinitializing hyprland/workspaces module...
[2026-05-04 19:36:15.546] [info] Loading persistent workspaces from Waybar config
[2026-05-04 19:36:15.546] [info] Loading persistent workspaces from Hyprland workspace rules
MESSAGE: Setting 'height' has changed behaviour after dunst 1.12.0, see https://dunst-project.org/release/#v1.12.0.
MESSAGE: Legacy height support may be dropped in the future. If you want to hide this message transition to
MESSAGE: 'height = (0, X)' for dynamic height (old behaviour equivalent) or to 'height = (X, X)' for a fixed height.
MESSAGE: Using legacy offset syntax NxN, you should switch to the new syntax (N, N)
ok
Refresco completado.
[2026-05-04 19:36:15.623] [info] Using configuration file /home/johancy/.config/waybar/config.jsonc
[2026-05-04 19:36:15.625] [info] Discovered appearance 'dark'
[2026-05-04 19:36:15.646] [info] Using CSS file /home/johancy/.config/waybar/style.css
[2026-05-04 19:36:15.649] [info] Hyprland IPC starting
[2026-05-04 19:36:15.650] [info] Loading persistent workspaces from Waybar config
[2026-05-04 19:36:15.650] [info] Loading persistent workspaces from Hyprland workspace rules

** (waybar:163773): WARNING **: 19:36:15.775: Status Notifier Item with bus name ':1.42' and object path '/org/ayatana/NotificationItem/nm_applet' is already registered
[2026-05-04 19:36:15.779] [warning] Requested height: 40 is less than the minimum height: 46 required by the modules
[2026-05-04 19:36:15.779] [info] Bar configured (width: 1920, height: 46) for output: DP-1
[2026-05-04 19:36:15.779] [error] Item '': No icon name or pixmap given.
--- Matugen Trigger: lun 04 may 2026 19:37:38 -04 ---
Imagen recibida: 
Ruta corregida de config.ini: /mnt/Respaldos/wallpapers/wallpaperbetter.com_1920x1080 (5).jpg
Matugen ejecutado con éxito.
--- Refresco Global: lun 04 may 2026 19:37:38 -04 ---
[2026-05-04 19:37:38.698] [info] Hyprland config reloaded, reinitializing hyprland/workspaces module...
ok
[2026-05-04 19:37:38.716] [info] Loading persistent workspaces from Waybar config
[2026-05-04 19:37:38.716] [info] Loading persistent workspaces from Hyprland workspace rules
[2026-05-04 19:37:38.717] [info] Hyprland config reloaded, reinitializing hyprland/workspaces module...
[2026-05-04 19:37:38.717] [info] Loading persistent workspaces from Waybar config
[2026-05-04 19:37:38.718] [info] Loading persistent workspaces from Hyprland workspace rules
MESSAGE: Setting 'height' has changed behaviour after dunst 1.12.0, see https://dunst-project.org/release/#v1.12.0.
MESSAGE: Legacy height support may be dropped in the future. If you want to hide this message transition to
MESSAGE: 'height = (0, X)' for dynamic height (old behaviour equivalent) or to 'height = (X, X)' for a fixed height.
MESSAGE: Using legacy offset syntax NxN, you should switch to the new syntax (N, N)
ok
Refresco completado.
[2026-05-04 19:37:38.795] [info] Using configuration file /home/johancy/.config/waybar/config.jsonc
[2026-05-04 19:37:38.796] [info] Discovered appearance 'dark'
[2026-05-04 19:37:38.817] [info] Using CSS file /home/johancy/.config/waybar/style.css
[2026-05-04 19:37:38.820] [info] Hyprland IPC starting
[2026-05-04 19:37:38.821] [info] Loading persistent workspaces from Waybar config
[2026-05-04 19:37:38.821] [info] Loading persistent workspaces from Hyprland workspace rules

** (waybar:164958): WARNING **: 19:37:38.946: Status Notifier Item with bus name ':1.42' and object path '/org/ayatana/NotificationItem/nm_applet' is already registered
[2026-05-04 19:37:38.950] [warning] Requested height: 40 is less than the minimum height: 46 required by the modules
[2026-05-04 19:37:38.950] [info] Bar configured (width: 1920, height: 46) for output: DP-1
[2026-05-04 19:37:38.950] [error] Item '': No icon name or pixmap given.
[2026-05-04 19:39:32.432] [info] Hyprland config reloaded, reinitializing hyprland/workspaces module...
[2026-05-04 19:39:32.438] [info] Loading persistent workspaces from Waybar config
[2026-05-04 19:39:32.438] [info] Loading persistent workspaces from Hyprland workspace rules
--- Matugen Trigger: lun 04 may 2026 19:39:43 -04 ---
Imagen recibida: 
Ruta corregida de config.ini: /mnt/Respaldos/wallpapers/wallpaperbetter.com_1920x1080 (5).jpg
Matugen ejecutado con éxito.
--- Refresco Global: lun 04 may 2026 19:39:43 -04 ---
[2026-05-04 19:39:44.001] [info] Hyprland config reloaded, reinitializing hyprland/workspaces module...
ok
[2026-05-04 19:39:44.014] [info] Loading persistent workspaces from Waybar config
[2026-05-04 19:39:44.014] [info] Loading persistent workspaces from Hyprland workspace rules
[2026-05-04 19:39:44.015] [info] Hyprland config reloaded, reinitializing hyprland/workspaces module...
[2026-05-04 19:39:44.015] [info] Loading persistent workspaces from Waybar config
[2026-05-04 19:39:44.015] [info] Loading persistent workspaces from Hyprland workspace rules
MESSAGE: Setting 'height' has changed behaviour after dunst 1.12.0, see https://dunst-project.org/release/#v1.12.0.
MESSAGE: Legacy height support may be dropped in the future. If you want to hide this message transition to
MESSAGE: 'height = (0, X)' for dynamic height (old behaviour equivalent) or to 'height = (X, X)' for a fixed height.
MESSAGE: Using legacy offset syntax NxN, you should switch to the new syntax (N, N)
ok
Refresco completado.
[2026-05-04 19:39:44.099] [info] Using configuration file /home/johancy/.config/waybar/config.jsonc
[2026-05-04 19:39:44.101] [info] Discovered appearance 'dark'
[2026-05-04 19:39:44.127] [info] Using CSS file /home/johancy/.config/waybar/style.css
[2026-05-04 19:39:44.131] [info] Hyprland IPC starting
[2026-05-04 19:39:44.132] [info] Loading persistent workspaces from Waybar config
[2026-05-04 19:39:44.132] [info] Loading persistent workspaces from Hyprland workspace rules

** (waybar:166765): WARNING **: 19:39:44.260: Status Notifier Item with bus name ':1.42' and object path '/org/ayatana/NotificationItem/nm_applet' is already registered
[2026-05-04 19:39:44.263] [warning] Requested height: 40 is less than the minimum height: 46 required by the modules
[2026-05-04 19:39:44.263] [info] Bar configured (width: 1920, height: 46) for output: DP-1
[2026-05-04 19:39:44.263] [error] Item '': No icon name or pixmap given.
WARNING: Icon 'edit-copy' not found in icon_path
WARNING: Icon 'edit-copy' not found in icon_path
WARNING: Icon 'edit-copy' not found in icon_path
--- Matugen Trigger: lun 04 may 2026 19:52:02 -04 ---
Imagen recibida: 
Ruta corregida de config.ini: /mnt/Respaldos/wallpapers/wallpaperbetter.com_1920x1080 (5).jpg
Matugen ejecutado con éxito.
--- Refresco Global: lun 04 may 2026 19:52:02 -04 ---
[2026-05-04 19:52:02.853] [info] Hyprland config reloaded, reinitializing hyprland/workspaces module...
ok
[2026-05-04 19:52:02.865] [info] Loading persistent workspaces from Waybar config
[2026-05-04 19:52:02.865] [info] Loading persistent workspaces from Hyprland workspace rules
[2026-05-04 19:52:02.867] [info] Hyprland config reloaded, reinitializing hyprland/workspaces module...
[2026-05-04 19:52:02.867] [info] Loading persistent workspaces from Waybar config
[2026-05-04 19:52:02.867] [info] Loading persistent workspaces from Hyprland workspace rules
MESSAGE: Setting 'height' has changed behaviour after dunst 1.12.0, see https://dunst-project.org/release/#v1.12.0.
MESSAGE: Legacy height support may be dropped in the future. If you want to hide this message transition to
MESSAGE: 'height = (0, X)' for dynamic height (old behaviour equivalent) or to 'height = (X, X)' for a fixed height.
MESSAGE: Using legacy offset syntax NxN, you should switch to the new syntax (N, N)
ok
Refresco completado.
[2026-05-04 19:52:02.949] [info] Using configuration file /home/johancy/.config/waybar/config.jsonc
[2026-05-04 19:52:02.950] [info] Discovered appearance 'dark'
[2026-05-04 19:52:02.971] [info] Using CSS file /home/johancy/.config/waybar/style.css
[2026-05-04 19:52:02.974] [info] Hyprland IPC starting
[2026-05-04 19:52:02.975] [info] Loading persistent workspaces from Waybar config
[2026-05-04 19:52:02.975] [info] Loading persistent workspaces from Hyprland workspace rules

** (waybar:211190): WARNING **: 19:52:03.104: Status Notifier Item with bus name ':1.42' and object path '/org/ayatana/NotificationItem/nm_applet' is already registered
[2026-05-04 19:52:03.136] [warning] Requested height: 40 is less than the minimum height: 46 required by the modules
[2026-05-04 19:52:03.136] [info] Bar configured (width: 1920, height: 46) for output: DP-1
--- Matugen Trigger: lun 04 may 2026 19:53:15 -04 ---
Imagen recibida: 
Ruta corregida de config.ini: /mnt/Respaldos/wallpapers/wallpaperbetter.com_1920x1080 (5).jpg
Matugen ejecutado con éxito.
--- Refresco Global: lun 04 may 2026 19:53:15 -04 ---
[2026-05-04 19:53:15.550] [info] Hyprland config reloaded, reinitializing hyprland/workspaces module...
ok
[2026-05-04 19:53:15.562] [info] Loading persistent workspaces from Waybar config
[2026-05-04 19:53:15.562] [info] Loading persistent workspaces from Hyprland workspace rules
[2026-05-04 19:53:15.564] [info] Hyprland config reloaded, reinitializing hyprland/workspaces module...
[2026-05-04 19:53:15.564] [info] Loading persistent workspaces from Waybar config
[2026-05-04 19:53:15.564] [info] Loading persistent workspaces from Hyprland workspace rules
MESSAGE: Setting 'height' has changed behaviour after dunst 1.12.0, see https://dunst-project.org/release/#v1.12.0.
MESSAGE: Legacy height support may be dropped in the future. If you want to hide this message transition to
MESSAGE: 'height = (0, X)' for dynamic height (old behaviour equivalent) or to 'height = (X, X)' for a fixed height.
MESSAGE: Using legacy offset syntax NxN, you should switch to the new syntax (N, N)
ok
Refresco completado.
[2026-05-04 19:53:15.649] [info] Using configuration file /home/johancy/.config/waybar/config.jsonc
[2026-05-04 19:53:15.650] [info] Discovered appearance 'dark'
[2026-05-04 19:53:15.671] [info] Using CSS file /home/johancy/.config/waybar/style.css
[2026-05-04 19:53:15.674] [info] Hyprland IPC starting
[2026-05-04 19:53:15.675] [info] Loading persistent workspaces from Waybar config
[2026-05-04 19:53:15.675] [info] Loading persistent workspaces from Hyprland workspace rules

** (waybar:211789): WARNING **: 19:53:15.802: Status Notifier Item with bus name ':1.42' and object path '/org/ayatana/NotificationItem/nm_applet' is already registered
[2026-05-04 19:53:15.805] [warning] Requested height: 40 is less than the minimum height: 46 required by the modules
[2026-05-04 19:53:15.805] [info] Bar configured (width: 1920, height: 46) for output: DP-1
[2026-05-04 19:53:15.805] [error] Item '': No icon name or pixmap given.
--- Matugen Trigger: lun 04 may 2026 19:54:11 -04 ---
Imagen recibida: 
Ruta corregida de config.ini: /mnt/Respaldos/wallpapers/wallpaperbetter.com_1920x1080 (5).jpg
Matugen ejecutado con éxito.
--- Refresco Global: lun 04 may 2026 19:54:12 -04 ---
[2026-05-04 19:54:12.029] [info] Hyprland config reloaded, reinitializing hyprland/workspaces module...
ok
[2026-05-04 19:54:12.041] [info] Loading persistent workspaces from Waybar config
[2026-05-04 19:54:12.041] [info] Loading persistent workspaces from Hyprland workspace rules
[2026-05-04 19:54:12.043] [info] Hyprland config reloaded, reinitializing hyprland/workspaces module...
[2026-05-04 19:54:12.043] [info] Loading persistent workspaces from Waybar config
[2026-05-04 19:54:12.043] [info] Loading persistent workspaces from Hyprland workspace rules
MESSAGE: Setting 'height' has changed behaviour after dunst 1.12.0, see https://dunst-project.org/release/#v1.12.0.
MESSAGE: Legacy height support may be dropped in the future. If you want to hide this message transition to
MESSAGE: 'height = (0, X)' for dynamic height (old behaviour equivalent) or to 'height = (X, X)' for a fixed height.
MESSAGE: Using legacy offset syntax NxN, you should switch to the new syntax (N, N)
ok
Refresco completado.
[2026-05-04 19:54:12.121] [info] Using configuration file /home/johancy/.config/waybar/config.jsonc
[2026-05-04 19:54:12.122] [info] Discovered appearance 'dark'
[2026-05-04 19:54:12.143] [info] Using CSS file /home/johancy/.config/waybar/style.css
[2026-05-04 19:54:12.146] [info] Hyprland IPC starting
[2026-05-04 19:54:12.147] [info] Loading persistent workspaces from Waybar config
[2026-05-04 19:54:12.147] [info] Loading persistent workspaces from Hyprland workspace rules

** (waybar:212223): WARNING **: 19:54:12.275: Status Notifier Item with bus name ':1.42' and object path '/org/ayatana/NotificationItem/nm_applet' is already registered
[2026-05-04 19:54:12.279] [warning] Requested height: 40 is less than the minimum height: 46 required by the modules
[2026-05-04 19:54:12.279] [info] Bar configured (width: 1920, height: 46) for output: DP-1
[2026-05-04 19:54:12.279] [error] Item '': No icon name or pixmap given.
WARNING: Icon 'edit-copy' not found in icon_path
